#
# There is insufficient memory for the Java Runtime Environment to continue.
# Native memory allocation (mmap) failed to map 67108864 bytes for G1 virtual space
# Possible reasons:
#   The system is out of physical RAM or swap space
#   The process is running with CompressedOops enabled, and the Java Heap may be blocking the growth of the native heap
# Possible solutions:
#   Reduce memory load on the system
#   Increase physical memory or swap space
#   Check if swap backing store is full
#   Decrease Java heap size (-Xmx/-Xms)
#   Decrease number of Java threads
#   Decrease Java thread stack sizes (-Xss)
#   Set larger code cache with -XX:ReservedCodeCacheSize=
#   JVM is running with Unscaled Compressed Oops mode in which the Java heap is
#     placed in the first 4GB address space. The Java Heap base address is the
#     maximum limit for the native heap growth. Please use -XX:HeapBaseMinAddress
#     to set the Java Heap base and to place the Java Heap above 4GB virtual address.
# This output file may be truncated or incomplete.
#
#  Out of Memory Error (os_windows.cpp:3466), pid=6184, tid=1156
#
# JRE version:  (16.0.1+9) (build )
# Java VM: Java HotSpot(TM) 64-Bit Server VM (16.0.1+9-24, mixed mode, sharing, tiered, compressed oops, compressed class ptrs, g1 gc, windows-amd64)
# No core dump will be written. Minidumps are not enabled by default on client versions of Windows
#

---------------  S U M M A R Y ------------

Command Line: -Dfile.encoding=UTF-8 --module-path=D:\Development\Netbeans\Brick_Breaker\build\classes brickBreaker.Main

Host: Intel(R) Core(TM) i3-5005U CPU @ 2.00GHz, 4 cores, 3G,  Windows 10 , 64 bit Build 18362 (10.0.18362.1500)
Time: Sun Aug  1 10:24:36 2021 India Standard Time elapsed time: 0.024491 seconds (0d 0h 0m 0s)

---------------  T H R E A D  ---------------

Current thread (0x000001daa17dc980):  JavaThread "Unknown thread" [_thread_in_vm, id=1156, stack(0x0000004123a00000,0x0000004123b00000)]

Stack: [0x0000004123a00000,0x0000004123b00000]
Native frames: (J=compiled Java code, j=interpreted, Vv=VM code, C=native code)
V  [jvm.dll+0x6687ca]
V  [jvm.dll+0x7ca3c9]
V  [jvm.dll+0x7cbb53]
V  [jvm.dll+0x7cc1b3]
V  [jvm.dll+0x242ea5]
V  [jvm.dll+0x665589]
V  [jvm.dll+0x65a175]
V  [jvm.dll+0x2fc5ab]
V  [jvm.dll+0x3037a6]
V  [jvm.dll+0x352fee]
V  [jvm.dll+0x35321f]
V  [jvm.dll+0x2d3618]
V  [jvm.dll+0x2d4854]
V  [jvm.dll+0x79ccb1]
V  [jvm.dll+0x360de1]
V  [jvm.dll+0x77a990]
V  [jvm.dll+0x3e55af]
V  [jvm.dll+0x3e7081]
C  [jli.dll+0x52fb]
C  [ucrtbase.dll+0x210b2]
C  [KERNEL32.DLL+0x17c24]
C  [ntdll.dll+0x6d721]


---------------  P R O C E S S  ---------------

Threads class SMR info:
_java_thread_list=0x00007fff0e08cbb8, length=0, elements={
}

Java Threads: ( => current thread )

Other Threads:
  0x000001daa180a6f0 GCTaskThread "GC Thread#0" [stack: 0x0000004123b00000,0x0000004123c00000] [id=1880]
  0x000001daa1815520 ConcurrentGCThread "G1 Main Marker" [stack: 0x0000004123c00000,0x0000004123d00000] [id=1000]
  0x000001daa1816e60 ConcurrentGCThread "G1 Conc#0" [stack: 0x0000004123d00000,0x0000004123e00000] [id=4736]

[error occurred during error reporting (printing all threads), id 0xc0000005, EXCEPTION_ACCESS_VIOLATION (0xc0000005) at pc=0x00007fff0d8644d7]

VM state: not at safepoint (not fully initialized)

VM Mutex/Monitor currently owned by a thread:  ([mutex/lock_event])
[0x000001daa17d9f90] Heap_lock - owner thread: 0x000001daa17dc980

Heap address: 0x00000000c1200000, size: 1006 MB, Compressed Oops mode: 32-bit

CDS archive(s) mapped at: [0x0000000000000000-0x0000000000000000-0x0000000000000000), size 0, SharedBaseAddress: 0x0000000800000000, ArchiveRelocationMode: 0.
Narrow klass base: 0x0000000000000000, Narrow klass shift: 0, Narrow klass range: 0x0

GC Precious Log:
<Empty>

Heap:
 garbage-first heap   total 0K, used 0K [0x00000000c1200000, 0x0000000100000000)
  region size 1024K, 0 young (0K), 0 survivors (0K)

[error occurred during error reporting (printing heap information), id 0xc0000005, EXCEPTION_ACCESS_VIOLATION (0xc0000005) at pc=0x00007fff0dc424ed]

GC Heap History (0 events):
No events

Deoptimization events (0 events):
No events

Classes unloaded (0 events):
No events

Classes redefined (0 events):
No events

Internal exceptions (0 events):
No events

Events (1 events):
Event: 0.013 Loaded shared library C:\Program Files\Java\jdk-16.0.1\bin\java.dll


Dynamic libraries:
0x00007ff64b120000 - 0x00007ff64b130000 	C:\Program Files\Java\jdk-16.0.1\bin\java.exe
0x00007fff464c0000 - 0x00007fff466b0000 	C:\WINDOWS\SYSTEM32\ntdll.dll
0x00007fff44860000 - 0x00007fff44912000 	C:\WINDOWS\System32\KERNEL32.DLL
0x00007fff434e0000 - 0x00007fff43785000 	C:\WINDOWS\System32\KERNELBASE.dll
0x00007fff44390000 - 0x00007fff4448a000 	C:\WINDOWS\System32\ucrtbase.dll
0x00007fff331b0000 - 0x00007fff331c9000 	C:\Program Files\Java\jdk-16.0.1\bin\VCRUNTIME140.dll
0x00007fff28f00000 - 0x00007fff28f18000 	C:\Program Files\Java\jdk-16.0.1\bin\jli.dll
0x00007fff463d0000 - 0x00007fff46473000 	C:\WINDOWS\System32\ADVAPI32.dll
0x00007fff45910000 - 0x00007fff459ae000 	C:\WINDOWS\System32\msvcrt.dll
0x00007fff44610000 - 0x00007fff446a7000 	C:\WINDOWS\System32\sechost.dll
0x00007fff46230000 - 0x00007fff4634f000 	C:\WINDOWS\System32\RPCRT4.dll
0x00007fff45770000 - 0x00007fff45904000 	C:\WINDOWS\System32\USER32.dll
0x00007fff44190000 - 0x00007fff441b1000 	C:\WINDOWS\System32\win32u.dll
0x00007fff44570000 - 0x00007fff44596000 	C:\WINDOWS\System32\GDI32.dll
0x00007fff441c0000 - 0x00007fff44358000 	C:\WINDOWS\System32\gdi32full.dll
0x00007fff44070000 - 0x00007fff4410e000 	C:\WINDOWS\System32\msvcp_win.dll
0x00007fff35c10000 - 0x00007fff35e94000 	C:\WINDOWS\WinSxS\amd64_microsoft.windows.common-controls_6595b64144ccf1df_6.0.18362.1556_none_9e7e372fe45e41d5\COMCTL32.dll
0x00007fff453c0000 - 0x00007fff456f6000 	C:\WINDOWS\System32\combase.dll
0x00007fff444e0000 - 0x00007fff44561000 	C:\WINDOWS\System32\bcryptPrimitives.dll
0x00007fff3bd50000 - 0x00007fff3bd5a000 	C:\WINDOWS\SYSTEM32\VERSION.dll
0x00007fff44d90000 - 0x00007fff44dbe000 	C:\WINDOWS\System32\IMM32.DLL
0x00007fff331a0000 - 0x00007fff331ac000 	C:\Program Files\Java\jdk-16.0.1\bin\vcruntime140_1.dll
0x00007fff16700000 - 0x00007fff16791000 	C:\Program Files\Java\jdk-16.0.1\bin\msvcp140.dll
0x00007fff0d580000 - 0x00007fff0e12b000 	C:\Program Files\Java\jdk-16.0.1\bin\server\jvm.dll
0x00007fff44e90000 - 0x00007fff44e98000 	C:\WINDOWS\System32\PSAPI.DLL
0x00007fff407a0000 - 0x00007fff407c4000 	C:\WINDOWS\SYSTEM32\WINMM.dll
0x00007fff331d0000 - 0x00007fff331d9000 	C:\WINDOWS\SYSTEM32\WSOCK32.dll
0x00007fff445a0000 - 0x00007fff4460f000 	C:\WINDOWS\System32\ws2_32.DLL
0x00007fff40770000 - 0x00007fff4079d000 	C:\WINDOWS\SYSTEM32\winmmbase.dll
0x00007fff44490000 - 0x00007fff444da000 	C:\WINDOWS\System32\cfgmgr32.dll
0x00007fff43380000 - 0x00007fff43391000 	C:\WINDOWS\System32\kernel.appcore.dll
0x00007fff32a40000 - 0x00007fff32a4a000 	C:\Program Files\Java\jdk-16.0.1\bin\jimage.dll
0x00007fff2e220000 - 0x00007fff2e414000 	C:\WINDOWS\SYSTEM32\DBGHELP.DLL
0x00007fff2e1f0000 - 0x00007fff2e21a000 	C:\WINDOWS\SYSTEM32\dbgcore.DLL
0x00007fff25200000 - 0x00007fff25225000 	C:\Program Files\Java\jdk-16.0.1\bin\java.dll

dbghelp: loaded successfully - version: 4.0.5 - missing functions: none
symbol engine: initialized successfully - sym options: 0x614 - pdb path: .;C:\Program Files\Java\jdk-16.0.1\bin;C:\WINDOWS\SYSTEM32;C:\WINDOWS\WinSxS\amd64_microsoft.windows.common-controls_6595b64144ccf1df_6.0.18362.1556_none_9e7e372fe45e41d5;C:\Program Files\Java\jdk-16.0.1\bin\server

VM Arguments:
jvm_args: -Dfile.encoding=UTF-8 --module-path=D:\Development\Netbeans\Brick_Breaker\build\classes 
java_command: brickBreaker.Main
java_class_path (initial): D:\Development\Netbeans\Brick_Breaker\build\classes
Launcher Type: SUN_STANDARD

[Global flags]
     intx CICompilerCount                          = 3                                         {product} {ergonomic}
     uint ConcGCThreads                            = 1                                         {product} {ergonomic}
     uint G1ConcRefinementThreads                  = 4                                         {product} {ergonomic}
   size_t G1HeapRegionSize                         = 1048576                                   {product} {ergonomic}
    uintx GCDrainStackTargetSize                   = 64                                        {product} {ergonomic}
   size_t InitialHeapSize                          = 67108864                                  {product} {ergonomic}
   size_t MarkStackSize                            = 4194304                                   {product} {ergonomic}
   size_t MaxHeapSize                              = 1054867456                                {product} {ergonomic}
   size_t MinHeapDeltaBytes                        = 1048576                                   {product} {ergonomic}
   size_t MinHeapSize                              = 8388608                                   {product} {ergonomic}
    uintx NonNMethodCodeHeapSize                   = 5832780                                {pd product} {ergonomic}
    uintx NonProfiledCodeHeapSize                  = 122912730                              {pd product} {ergonomic}
    uintx ProfiledCodeHeapSize                     = 122912730                              {pd product} {ergonomic}
    uintx ReservedCodeCacheSize                    = 251658240                              {pd product} {ergonomic}
     bool SegmentedCodeCache                       = true                                      {product} {ergonomic}
   size_t SoftMaxHeapSize                          = 1054867456                             {manageable} {ergonomic}
     bool UseCompressedClassPointers               = true                           {product lp64_product} {ergonomic}
     bool UseCompressedOops                        = true                           {product lp64_product} {ergonomic}
     bool UseG1GC                                  = true                                      {product} {ergonomic}
     bool UseLargePagesIndividualAllocation        = false                                  {pd product} {ergonomic}

Logging:
Log output configuration:
 #0: stdout all=warning uptime,level,tags
 #1: stderr all=off uptime,level,tags

Environment Variables:
PATH=C:\Program Files\Common Files\Oracle\Java\javapath;C:\oraclexe\app\oracle\product\10.2.0\server\bin;C:\Oracle\app\oracle\product\10.2.0\server\bin;C:\WINDOWS\system32;C:\WINDOWS;C:\WINDOWS\System32\Wbem;C:\WINDOWS\System32\WindowsPowerShell\v1.0\;C:\WINDOWS\System32\OpenSSH\;C:\Program Files\CodeBlocks\MinGW\bin;C:\Program Files\Java\jdk-16.0.1\bin;C:\Users\Alien\AppData\Local\Programs\Python\Python37\Scripts\;C:\Users\Alien\AppData\Local\Programs\Python\Python37\;C:\Users\Alien\AppData\Local\Microsoft\WindowsApps;C:\Users\Alien\AppData\Local\Programs\Microsoft VS Code\bin;
USERNAME=Alien
OS=Windows_NT
PROCESSOR_IDENTIFIER=Intel64 Family 6 Model 61 Stepping 4, GenuineIntel



---------------  S Y S T E M  ---------------

OS:
 Windows 10 , 64 bit Build 18362 (10.0.18362.1500)
OS uptime: 0 days 2:21 hours

CPU: total 4 (initial active 4) (2 cores per cpu, 2 threads per core) family 6 model 61 stepping 4 microcode 0x2f, cx8, cmov, fxsr, ht, mmx, 3dnowpref, sse, sse2, sse3, ssse3, sse4.1, sse4.2, popcnt, lzcnt, tsc, tscinvbit, avx, avx2, aes, erms, clmul, bmi1, bmi2, adx, fma, vzeroupper, clflush

Memory: 4k page, system-wide physical 4016M (825M free)
TotalPageFile size 4016M (AvailPageFile size 40M)
current process WorkingSet (physical memory assigned to process): 9M, peak: 9M
current process commit charge ("private bytes"): 51M, peak: 115M

vm_info: Java HotSpot(TM) 64-Bit Server VM (16.0.1+9-24) for windows-amd64 JRE (16.0.1+9-24), built on Mar 26 2021 19:31:42 by "mach5one" with MS VC++ 16.7 (VS2019)

END.
