#
# There is insufficient memory for the Java Runtime Environment to continue.
# Native memory allocation (malloc) failed to allocate 32744 bytes for ChunkPool::allocate
# Possible reasons:
#   The system is out of physical RAM or swap space
#   The process is running with CompressedOops enabled, and the Java Heap may be blocking the growth of the native heap
# Possible solutions:
#   Reduce memory load on the system
#   Increase physical memory or swap space
#   Check if swap backing store is full
#   Decrease Java heap size (-Xmx/-Xms)
#   Decrease number of Java threads
#   Decrease Java thread stack sizes (-Xss)
#   Set larger code cache with -XX:ReservedCodeCacheSize=
#   JVM is running with Unscaled Compressed Oops mode in which the Java heap is
#     placed in the first 4GB address space. The Java Heap base address is the
#     maximum limit for the native heap growth. Please use -XX:HeapBaseMinAddress
#     to set the Java Heap base and to place the Java Heap above 4GB virtual address.
# This output file may be truncated or incomplete.
#
#  Out of Memory Error (arena.cpp:79), pid=1900, tid=2448
#
# JRE version: Java(TM) SE Runtime Environment (16.0.1+9) (build 16.0.1+9-24)
# Java VM: Java HotSpot(TM) 64-Bit Server VM (16.0.1+9-24, mixed mode, sharing, tiered, compressed oops, compressed class ptrs, g1 gc, windows-amd64)
# No core dump will be written. Minidumps are not enabled by default on client versions of Windows
#

---------------  S U M M A R Y ------------

Command Line: -Dfile.encoding=UTF-8 --module-path=D:\Development\Netbeans\Brick_Breaker\build\classes brickBreaker.Main

Host: Intel(R) Core(TM) i3-5005U CPU @ 2.00GHz, 4 cores, 3G,  Windows 10 , 64 bit Build 18362 (10.0.18362.1500)
Time: Sun Aug  1 12:42:49 2021 India Standard Time elapsed time: 38.654918 seconds (0d 0h 0m 38s)

---------------  T H R E A D  ---------------

Current thread (0x00000261ea2ba4c0):  JavaThread "TimerQueue" daemon [_thread_in_vm, id=2448, stack(0x000000cf66100000,0x000000cf66200000)]

Stack: [0x000000cf66100000,0x000000cf66200000]
Native frames: (J=compiled Java code, j=interpreted, Vv=VM code, C=native code)
V  [jvm.dll+0x6687ca]
V  [jvm.dll+0x7ca3c9]
V  [jvm.dll+0x7cbb53]
V  [jvm.dll+0x7cc1b3]
V  [jvm.dll+0x242ea5]
V  [jvm.dll+0xae25f]
V  [jvm.dll+0xae5ac]
V  [jvm.dll+0x7c1107]
V  [jvm.dll+0x7c0822]
V  [jvm.dll+0x4180cf]
C  0x00000261dd5261a6

Java frames: (J=compiled Java code, j=interpreted, Vv=VM code)
J 712  java.security.AccessController.getStackAccessControlContext()Ljava/security/AccessControlContext; java.base@16.0.1 (0 bytes) @ 0x00000261dd52610e [0x00000261dd5260c0+0x000000000000004e]
J 1249 c2 java.awt.AWTEvent.<init>(Ljava/lang/Object;I)V java.desktop@16.0.1 (81 bytes) @ 0x00000261dd56eef8 [0x00000261dd56ee60+0x0000000000000098]
J 870 c1 java.awt.event.InvocationEvent.<init>(Ljava/lang/Object;ILjava/lang/Runnable;Ljava/lang/Object;Ljava/lang/Runnable;Z)V java.desktop@16.0.1 (52 bytes) @ 0x00000261d60e7c4c [0x00000261d60e7bc0+0x000000000000008c]
J 876 c1 java.awt.event.InvocationEvent.<init>(Ljava/lang/Object;Ljava/lang/Runnable;)V java.desktop@16.0.1 (13 bytes) @ 0x00000261d60e94d4 [0x00000261d60e9440+0x0000000000000094]
J 1034 c1 java.awt.EventQueue.invokeLater(Ljava/lang/Runnable;)V java.desktop@16.0.1 (18 bytes) @ 0x00000261d613e744 [0x00000261d613e540+0x0000000000000204]
J 965 c1 javax.swing.Timer.post()V java.desktop@16.0.1 (36 bytes) @ 0x00000261d610ce7c [0x00000261d610c3a0+0x0000000000000adc]
j  javax.swing.TimerQueue.run()V+52 java.desktop@16.0.1
j  java.lang.Thread.run()V+11 java.base@16.0.1
v  ~StubRoutines::call_stub

---------------  P R O C E S S  ---------------

Threads class SMR info:
_java_thread_list=0x00000261ea36c710, length=17, elements={
0x00000261ce36c8a0, 0x00000261ce36d760, 0x00000261ce377eb0, 0x00000261ce3799d0,
0x00000261ce37c4e0, 0x00000261ce37cee0, 0x00000261e93f0790, 0x00000261e93fb1f0,
0x00000261e9408f50, 0x00000261e93eca20, 0x00000261ea09cdf0, 0x00000261ea23d690,
0x00000261ea281430, 0x00000261ea24dd10, 0x00000261ea2ba4c0, 0x00000261ea2cf5d0,
0x00000261ce2ab160
}

Java Threads: ( => current thread )
  0x00000261ce36c8a0 JavaThread "Reference Handler" daemon [_thread_blocked, id=6884, stack(0x000000cf65200000,0x000000cf65300000)]
  0x00000261ce36d760 JavaThread "Finalizer" daemon [_thread_blocked, id=1192, stack(0x000000cf65300000,0x000000cf65400000)]
  0x00000261ce377eb0 JavaThread "Signal Dispatcher" daemon [_thread_blocked, id=420, stack(0x000000cf65400000,0x000000cf65500000)]
  0x00000261ce3799d0 JavaThread "Attach Listener" daemon [_thread_blocked, id=3272, stack(0x000000cf65500000,0x000000cf65600000)]
  0x00000261ce37c4e0 JavaThread "Service Thread" daemon [_thread_blocked, id=5628, stack(0x000000cf65600000,0x000000cf65700000)]
  0x00000261ce37cee0 JavaThread "Monitor Deflation Thread" daemon [_thread_blocked, id=6620, stack(0x000000cf65700000,0x000000cf65800000)]
  0x00000261e93f0790 JavaThread "C2 CompilerThread0" daemon [_thread_in_native, id=1764, stack(0x000000cf65800000,0x000000cf65900000)]
  0x00000261e93fb1f0 JavaThread "C1 CompilerThread0" daemon [_thread_blocked, id=7020, stack(0x000000cf65900000,0x000000cf65a00000)]
  0x00000261e9408f50 JavaThread "Sweeper thread" daemon [_thread_blocked, id=2964, stack(0x000000cf65a00000,0x000000cf65b00000)]
  0x00000261e93eca20 JavaThread "Common-Cleaner" daemon [_thread_blocked, id=5884, stack(0x000000cf65b00000,0x000000cf65c00000)]
  0x00000261ea09cdf0 JavaThread "Notification Thread" daemon [_thread_blocked, id=3092, stack(0x000000cf65c00000,0x000000cf65d00000)]
  0x00000261ea23d690 JavaThread "Java2D Disposer" daemon [_thread_blocked, id=668, stack(0x000000cf65e00000,0x000000cf65f00000)]
  0x00000261ea281430 JavaThread "AWT-Shutdown" [_thread_blocked, id=7380, stack(0x000000cf65f00000,0x000000cf66000000)]
  0x00000261ea24dd10 JavaThread "AWT-Windows" daemon [_thread_in_native, id=2560, stack(0x000000cf66000000,0x000000cf66100000)]
=>0x00000261ea2ba4c0 JavaThread "TimerQueue" daemon [_thread_in_vm, id=2448, stack(0x000000cf66100000,0x000000cf66200000)]
  0x00000261ea2cf5d0 JavaThread "AWT-EventQueue-0" [_thread_blocked, id=2104, stack(0x000000cf66200000,0x000000cf66300000)]
  0x00000261ce2ab160 JavaThread "DestroyJavaVM" [_thread_blocked, id=2080, stack(0x000000cf64b00000,0x000000cf64c00000)]

Other Threads:
  0x00000261ce367c40 VMThread "VM Thread" [stack: 0x000000cf65100000,0x000000cf65200000] [id=6012]
  0x00000261ea0d72b0 WatcherThread [stack: 0x000000cf65d00000,0x000000cf65e00000] [id=3988]
  0x00000261ce2d9890 GCTaskThread "GC Thread#0" [stack: 0x000000cf64c00000,0x000000cf64d00000] [id=4404]
  0x00000261ebd77c90 GCTaskThread "GC Thread#1" [stack: 0x000000cf66300000,0x000000cf66400000] [id=2716]
  0x00000261eb70b6c0 GCTaskThread "GC Thread#2" [stack: 0x000000cf66400000,0x000000cf66500000] [id=8136]
  0x00000261eb917010 GCTaskThread "GC Thread#3" [stack: 0x000000cf66500000,0x000000cf66600000] [id=7312]
  0x00000261ce2e3ba0 ConcurrentGCThread "G1 Main Marker" [stack: 0x000000cf64d00000,0x000000cf64e00000] [id=4712]
  0x00000261ce2e4e30 ConcurrentGCThread "G1 Conc#0" [stack: 0x000000cf64e00000,0x000000cf64f00000] [id=1844]
  0x00000261ce335640 ConcurrentGCThread "G1 Refine#0" [stack: 0x000000cf64f00000,0x000000cf65000000] [id=6388]
  0x00000261ce3370d0 ConcurrentGCThread "G1 Service" [stack: 0x000000cf65000000,0x000000cf65100000] [id=3972]

Threads with active compile tasks:
C2 CompilerThread0    38759 1303   !   4       javax.swing.JComponent::_paintImmediately (891 bytes)

VM state: not at safepoint (normal execution)

VM Mutex/Monitor currently owned by a thread: None

Heap address: 0x00000000c1200000, size: 1006 MB, Compressed Oops mode: 32-bit

CDS archive(s) mapped at: [0x0000000800000000-0x0000000800bb0000-0x0000000800bb0000), size 12255232, SharedBaseAddress: 0x0000000800000000, ArchiveRelocationMode: 0.
Compressed class space mapped at: 0x0000000800c00000-0x0000000840c00000, reserved size: 1073741824
Narrow klass base: 0x0000000800000000, Narrow klass shift: 3, Narrow klass range: 0x100000000

GC Precious Log:
 CPUs: 4 total, 4 available
 Memory: 4016M
 Large Page Support: Disabled
 NUMA Support: Disabled
 Compressed Oops: Enabled (32-bit)
 Heap Region Size: 1M
 Heap Min Capacity: 8M
 Heap Initial Capacity: 64M
 Heap Max Capacity: 1006M
 Pre-touch: Disabled
 Parallel Workers: 4
 Concurrent Workers: 1
 Concurrent Refinement Workers: 4
 Periodic GC: Disabled

Heap:
 garbage-first heap   total 65536K, used 12933K [0x00000000c1200000, 0x0000000100000000)
  region size 1024K, 12 young (12288K), 2 survivors (2048K)
 Metaspace       used 6629K, committed 6784K, reserved 1056768K
  class space    used 675K, committed 768K, reserved 1048576K

Heap Regions: E=young(eden), S=young(survivor), O=old, HS=humongous(starts), HC=humongous(continues), CS=collection set, F=free, OA=open archive, CA=closed archive, TAMS=top-at-mark-start (previous, next)
|   0|0x00000000c1200000, 0x00000000c1300000, 0x00000000c1300000|100%|HS|  |TAMS 0x00000000c1200000, 0x00000000c1200000| Complete 
|   1|0x00000000c1300000, 0x00000000c1400000, 0x00000000c1400000|100%|HC|  |TAMS 0x00000000c1300000, 0x00000000c1300000| Complete 
|   2|0x00000000c1400000, 0x00000000c1400000, 0x00000000c1500000|  0%| F|  |TAMS 0x00000000c1400000, 0x00000000c1400000| Untracked 
|   3|0x00000000c1500000, 0x00000000c1500000, 0x00000000c1600000|  0%| F|  |TAMS 0x00000000c1500000, 0x00000000c1500000| Untracked 
|   4|0x00000000c1600000, 0x00000000c1600000, 0x00000000c1700000|  0%| F|  |TAMS 0x00000000c1600000, 0x00000000c1600000| Untracked 
|   5|0x00000000c1700000, 0x00000000c1700000, 0x00000000c1800000|  0%| F|  |TAMS 0x00000000c1700000, 0x00000000c1700000| Untracked 
|   6|0x00000000c1800000, 0x00000000c1800000, 0x00000000c1900000|  0%| F|  |TAMS 0x00000000c1800000, 0x00000000c1800000| Untracked 
|   7|0x00000000c1900000, 0x00000000c1900000, 0x00000000c1a00000|  0%| F|  |TAMS 0x00000000c1900000, 0x00000000c1900000| Untracked 
|   8|0x00000000c1a00000, 0x00000000c1a00000, 0x00000000c1b00000|  0%| F|  |TAMS 0x00000000c1a00000, 0x00000000c1a00000| Untracked 
|   9|0x00000000c1b00000, 0x00000000c1b00000, 0x00000000c1c00000|  0%| F|  |TAMS 0x00000000c1b00000, 0x00000000c1b00000| Untracked 
|  10|0x00000000c1c00000, 0x00000000c1c00000, 0x00000000c1d00000|  0%| F|  |TAMS 0x00000000c1c00000, 0x00000000c1c00000| Untracked 
|  11|0x00000000c1d00000, 0x00000000c1d00000, 0x00000000c1e00000|  0%| F|  |TAMS 0x00000000c1d00000, 0x00000000c1d00000| Untracked 
|  12|0x00000000c1e00000, 0x00000000c1e00000, 0x00000000c1f00000|  0%| F|  |TAMS 0x00000000c1e00000, 0x00000000c1e00000| Untracked 
|  13|0x00000000c1f00000, 0x00000000c1f00000, 0x00000000c2000000|  0%| F|  |TAMS 0x00000000c1f00000, 0x00000000c1f00000| Untracked 
|  14|0x00000000c2000000, 0x00000000c2000000, 0x00000000c2100000|  0%| F|  |TAMS 0x00000000c2000000, 0x00000000c2000000| Untracked 
|  15|0x00000000c2100000, 0x00000000c2100000, 0x00000000c2200000|  0%| F|  |TAMS 0x00000000c2100000, 0x00000000c2100000| Untracked 
|  16|0x00000000c2200000, 0x00000000c2200000, 0x00000000c2300000|  0%| F|  |TAMS 0x00000000c2200000, 0x00000000c2200000| Untracked 
|  17|0x00000000c2300000, 0x00000000c2300000, 0x00000000c2400000|  0%| F|  |TAMS 0x00000000c2300000, 0x00000000c2300000| Untracked 
|  18|0x00000000c2400000, 0x00000000c2400000, 0x00000000c2500000|  0%| F|  |TAMS 0x00000000c2400000, 0x00000000c2400000| Untracked 
|  19|0x00000000c2500000, 0x00000000c2500000, 0x00000000c2600000|  0%| F|  |TAMS 0x00000000c2500000, 0x00000000c2500000| Untracked 
|  20|0x00000000c2600000, 0x00000000c2600000, 0x00000000c2700000|  0%| F|  |TAMS 0x00000000c2600000, 0x00000000c2600000| Untracked 
|  21|0x00000000c2700000, 0x00000000c2700000, 0x00000000c2800000|  0%| F|  |TAMS 0x00000000c2700000, 0x00000000c2700000| Untracked 
|  22|0x00000000c2800000, 0x00000000c2800000, 0x00000000c2900000|  0%| F|  |TAMS 0x00000000c2800000, 0x00000000c2800000| Untracked 
|  23|0x00000000c2900000, 0x00000000c2900000, 0x00000000c2a00000|  0%| F|  |TAMS 0x00000000c2900000, 0x00000000c2900000| Untracked 
|  24|0x00000000c2a00000, 0x00000000c2a00000, 0x00000000c2b00000|  0%| F|  |TAMS 0x00000000c2a00000, 0x00000000c2a00000| Untracked 
|  25|0x00000000c2b00000, 0x00000000c2b00000, 0x00000000c2c00000|  0%| F|  |TAMS 0x00000000c2b00000, 0x00000000c2b00000| Untracked 
|  26|0x00000000c2c00000, 0x00000000c2c00000, 0x00000000c2d00000|  0%| F|  |TAMS 0x00000000c2c00000, 0x00000000c2c00000| Untracked 
|  27|0x00000000c2d00000, 0x00000000c2d00000, 0x00000000c2e00000|  0%| F|  |TAMS 0x00000000c2d00000, 0x00000000c2d00000| Untracked 
|  28|0x00000000c2e00000, 0x00000000c2e00000, 0x00000000c2f00000|  0%| F|  |TAMS 0x00000000c2e00000, 0x00000000c2e00000| Untracked 
|  29|0x00000000c2f00000, 0x00000000c2f00000, 0x00000000c3000000|  0%| F|  |TAMS 0x00000000c2f00000, 0x00000000c2f00000| Untracked 
|  30|0x00000000c3000000, 0x00000000c3000000, 0x00000000c3100000|  0%| F|  |TAMS 0x00000000c3000000, 0x00000000c3000000| Untracked 
|  31|0x00000000c3100000, 0x00000000c3100000, 0x00000000c3200000|  0%| F|  |TAMS 0x00000000c3100000, 0x00000000c3100000| Untracked 
|  32|0x00000000c3200000, 0x00000000c3200000, 0x00000000c3300000|  0%| F|  |TAMS 0x00000000c3200000, 0x00000000c3200000| Untracked 
|  33|0x00000000c3300000, 0x00000000c3300000, 0x00000000c3400000|  0%| F|  |TAMS 0x00000000c3300000, 0x00000000c3300000| Untracked 
|  34|0x00000000c3400000, 0x00000000c3400000, 0x00000000c3500000|  0%| F|  |TAMS 0x00000000c3400000, 0x00000000c3400000| Untracked 
|  35|0x00000000c3500000, 0x00000000c3500000, 0x00000000c3600000|  0%| F|  |TAMS 0x00000000c3500000, 0x00000000c3500000| Untracked 
|  36|0x00000000c3600000, 0x00000000c3600000, 0x00000000c3700000|  0%| F|  |TAMS 0x00000000c3600000, 0x00000000c3600000| Untracked 
|  37|0x00000000c3700000, 0x00000000c3700000, 0x00000000c3800000|  0%| F|  |TAMS 0x00000000c3700000, 0x00000000c3700000| Untracked 
|  38|0x00000000c3800000, 0x00000000c3800000, 0x00000000c3900000|  0%| F|  |TAMS 0x00000000c3800000, 0x00000000c3800000| Untracked 
|  39|0x00000000c3900000, 0x00000000c3900000, 0x00000000c3a00000|  0%| F|  |TAMS 0x00000000c3900000, 0x00000000c3900000| Untracked 
|  40|0x00000000c3a00000, 0x00000000c3a00000, 0x00000000c3b00000|  0%| F|  |TAMS 0x00000000c3a00000, 0x00000000c3a00000| Untracked 
|  41|0x00000000c3b00000, 0x00000000c3b00000, 0x00000000c3c00000|  0%| F|  |TAMS 0x00000000c3b00000, 0x00000000c3b00000| Untracked 
|  42|0x00000000c3c00000, 0x00000000c3c00000, 0x00000000c3d00000|  0%| F|  |TAMS 0x00000000c3c00000, 0x00000000c3c00000| Untracked 
|  43|0x00000000c3d00000, 0x00000000c3d00000, 0x00000000c3e00000|  0%| F|  |TAMS 0x00000000c3d00000, 0x00000000c3d00000| Untracked 
|  44|0x00000000c3e00000, 0x00000000c3e00000, 0x00000000c3f00000|  0%| F|  |TAMS 0x00000000c3e00000, 0x00000000c3e00000| Untracked 
|  45|0x00000000c3f00000, 0x00000000c3f00000, 0x00000000c4000000|  0%| F|  |TAMS 0x00000000c3f00000, 0x00000000c3f00000| Untracked 
|  46|0x00000000c4000000, 0x00000000c4000000, 0x00000000c4100000|  0%| F|  |TAMS 0x00000000c4000000, 0x00000000c4000000| Untracked 
|  47|0x00000000c4100000, 0x00000000c4100000, 0x00000000c4200000|  0%| F|  |TAMS 0x00000000c4100000, 0x00000000c4100000| Untracked 
|  48|0x00000000c4200000, 0x00000000c4200000, 0x00000000c4300000|  0%| F|  |TAMS 0x00000000c4200000, 0x00000000c4200000| Untracked 
|  49|0x00000000c4300000, 0x00000000c43a14c8, 0x00000000c4400000| 63%| S|CS|TAMS 0x00000000c4300000, 0x00000000c4300000| Complete 
|  50|0x00000000c4400000, 0x00000000c4500000, 0x00000000c4500000|100%| S|CS|TAMS 0x00000000c4400000, 0x00000000c4400000| Complete 
|  51|0x00000000c4500000, 0x00000000c4500000, 0x00000000c4600000|  0%| F|  |TAMS 0x00000000c4500000, 0x00000000c4500000| Untracked 
|  52|0x00000000c4600000, 0x00000000c4600000, 0x00000000c4700000|  0%| F|  |TAMS 0x00000000c4600000, 0x00000000c4600000| Untracked 
|  53|0x00000000c4700000, 0x00000000c4700000, 0x00000000c4800000|  0%| F|  |TAMS 0x00000000c4700000, 0x00000000c4700000| Untracked 
|  54|0x00000000c4800000, 0x00000000c48bdcd8, 0x00000000c4900000| 74%| E|  |TAMS 0x00000000c4800000, 0x00000000c4800000| Complete 
|  55|0x00000000c4900000, 0x00000000c4a00000, 0x00000000c4a00000|100%| E|CS|TAMS 0x00000000c4900000, 0x00000000c4900000| Complete 
|  56|0x00000000c4a00000, 0x00000000c4b00000, 0x00000000c4b00000|100%| E|CS|TAMS 0x00000000c4a00000, 0x00000000c4a00000| Complete 
|  57|0x00000000c4b00000, 0x00000000c4c00000, 0x00000000c4c00000|100%| E|CS|TAMS 0x00000000c4b00000, 0x00000000c4b00000| Complete 
|  58|0x00000000c4c00000, 0x00000000c4d00000, 0x00000000c4d00000|100%| E|CS|TAMS 0x00000000c4c00000, 0x00000000c4c00000| Complete 
|  59|0x00000000c4d00000, 0x00000000c4e00000, 0x00000000c4e00000|100%| E|CS|TAMS 0x00000000c4d00000, 0x00000000c4d00000| Complete 
|  60|0x00000000c4e00000, 0x00000000c4f00000, 0x00000000c4f00000|100%| E|CS|TAMS 0x00000000c4e00000, 0x00000000c4e00000| Complete 
|  61|0x00000000c4f00000, 0x00000000c5000000, 0x00000000c5000000|100%| E|CS|TAMS 0x00000000c4f00000, 0x00000000c4f00000| Complete 
|  62|0x00000000c5000000, 0x00000000c5100000, 0x00000000c5100000|100%| E|CS|TAMS 0x00000000c5000000, 0x00000000c5000000| Complete 
|  63|0x00000000c5100000, 0x00000000c5200000, 0x00000000c5200000|100%| E|CS|TAMS 0x00000000c5100000, 0x00000000c5100000| Complete 

Card table byte_map: [0x00000261e4c20000,0x00000261e4e20000] _byte_map_base: 0x00000261e4617000

Marking Bits (Prev, Next): (CMBitMap*) 0x00000261ce2db390, (CMBitMap*) 0x00000261ce2db3d0
 Prev Bits: [0x00000261e5020000, 0x00000261e5fd8000)
 Next Bits: [0x00000261e5fe0000, 0x00000261e6f98000)

Polling page: 0x00000261cda80000

Metaspace:

Usage:
  Non-class:      5.81 MB used.
      Class:    675.00 KB used.
       Both:      6.47 MB used.

Virtual space:
  Non-class space:        8.00 MB reserved,       5.88 MB ( 73%) committed,  1 nodes.
      Class space:        1.00 GB reserved,     768.00 KB ( <1%) committed,  1 nodes.
              Both:        1.01 GB reserved,       6.63 MB ( <1%) committed. 

Chunk freelists:
   Non-Class:  2.07 MB
       Class:  3.25 MB
        Both:  5.31 MB

MaxMetaspaceSize: 17179869184.00 GB
CompressedClassSpaceSize: 1.00 GB
 - commit_granule_bytes: 65536.
 - commit_granule_words: 8192.
 - virtual_space_node_default_size: 1048576.
 - enlarge_chunks_in_place: 1.
 - new_chunks_are_fully_committed: 0.
 - uncommit_free_chunks: 1.
 - use_allocation_guard: 0.
 - handle_deallocations: 1.


Internal statistics:

num_allocs_failed_limit: 0.
num_arena_births: 110.
num_arena_deaths: 0.
num_vsnodes_births: 2.
num_vsnodes_deaths: 0.
num_space_committed: 106.
num_space_uncommitted: 0.
num_chunks_returned_to_freelist: 0.
num_chunks_taken_from_freelist: 137.
num_chunk_merges: 0.
num_chunk_splits: 88.
num_chunks_enlarged: 50.
num_purges: 0.

CodeHeap 'non-profiled nmethods': size=120000Kb used=641Kb max_used=641Kb free=119358Kb
 bounds [0x00000261dd4f0000, 0x00000261dd760000, 0x00000261e4a20000]
CodeHeap 'profiled nmethods': size=120000Kb used=1933Kb max_used=1933Kb free=118066Kb
 bounds [0x00000261d5fc0000, 0x00000261d6230000, 0x00000261dd4f0000]
CodeHeap 'non-nmethods': size=5760Kb used=1245Kb max_used=1286Kb free=4514Kb
 bounds [0x00000261d5a20000, 0x00000261d5c90000, 0x00000261d5fc0000]
 total_blobs=1858 nmethods=1301 adapters=470
 compilation: enabled
              stopped_count=0, restarted_count=0
 full_count=0

Compilation events (20 events):
Event: 37.688 Thread 0x00000261e93fb1f0 1294       3       java.awt.Component::dispatchEvent (6 bytes)
Event: 37.689 Thread 0x00000261e93fb1f0 nmethod 1294 0x00000261d61a2d90 code [0x00000261d61a2f40, 0x00000261d61a3108]
Event: 37.689 Thread 0x00000261e93fb1f0 1295       1       java.awt.Component::getFocusTraversalKeysEnabled (5 bytes)
Event: 37.689 Thread 0x00000261e93fb1f0 nmethod 1295 0x00000261dd58cf90 code [0x00000261dd58d120, 0x00000261dd58d1f8]
Event: 37.689 Thread 0x00000261e93fb1f0 1296       1       java.awt.AWTKeyStroke::getKeyCode (5 bytes)
Event: 37.689 Thread 0x00000261e93fb1f0 nmethod 1296 0x00000261dd58d290 code [0x00000261dd58d420, 0x00000261dd58d4f8]
Event: 37.689 Thread 0x00000261e93fb1f0 1297       1       java.awt.AWTKeyStroke::getModifiers (5 bytes)
Event: 37.689 Thread 0x00000261e93fb1f0 nmethod 1297 0x00000261dd58d590 code [0x00000261dd58d720, 0x00000261dd58d7f8]
Event: 37.690 Thread 0x00000261e93fb1f0 1298       1       java.awt.AWTKeyStroke::isOnKeyRelease (5 bytes)
Event: 37.690 Thread 0x00000261e93fb1f0 nmethod 1298 0x00000261dd58d890 code [0x00000261dd58da20, 0x00000261dd58daf8]
Event: 37.690 Thread 0x00000261e93fb1f0 1299       1       javax.swing.SwingUtilities::isValidKeyEventForKeyBindings (2 bytes)
Event: 37.690 Thread 0x00000261e93fb1f0 nmethod 1299 0x00000261dd58db90 code [0x00000261dd58dd20, 0x00000261dd58ddd8]
Event: 37.690 Thread 0x00000261e93fb1f0 1300       1       sun.awt.windows.WComponentPeer::handleJavaKeyEvent (2 bytes)
Event: 37.690 Thread 0x00000261e93fb1f0 nmethod 1300 0x00000261dd58de90 code [0x00000261dd58e020, 0x00000261dd58e0f8]
Event: 37.691 Thread 0x00000261e93f0790 nmethod 1291 0x00000261dd58e190 code [0x00000261dd58e340, 0x00000261dd58e4d8]
Event: 37.780 Thread 0x00000261e93fb1f0 1301       3       javax.swing.JComponent$IntVector::elementAt (7 bytes)
Event: 37.781 Thread 0x00000261e93fb1f0 nmethod 1301 0x00000261d61a3190 code [0x00000261d61a3320, 0x00000261d61a3458]
Event: 38.088 Thread 0x00000261e93f0790 1302       4       javax.swing.RepaintManager::collectDirtyComponents (344 bytes)
Event: 38.140 Thread 0x00000261e93f0790 nmethod 1302 0x00000261dd58e710 code [0x00000261dd58e940, 0x00000261dd58f648]
Event: 38.141 Thread 0x00000261e93f0790 1303   !   4       javax.swing.JComponent::_paintImmediately (891 bytes)

GC Heap History (2 events):
Event: 14.800 GC heap before
{Heap before GC invocations=0 (full 0):
 garbage-first heap   total 65536K, used 15360K [0x00000000c1200000, 0x0000000100000000)
  region size 1024K, 13 young (13312K), 0 survivors (0K)
 Metaspace       used 6578K, committed 6784K, reserved 1056768K
  class space    used 674K, committed 768K, reserved 1048576K
}
Event: 14.813 GC heap after
{Heap after GC invocations=1 (full 0):
 garbage-first heap   total 65536K, used 3717K [0x00000000c1200000, 0x0000000100000000)
  region size 1024K, 2 young (2048K), 2 survivors (2048K)
 Metaspace       used 6578K, committed 6784K, reserved 1056768K
  class space    used 674K, committed 768K, reserved 1048576K
}

Deoptimization events (20 events):
Event: 5.466 Thread 0x00000261ea2ba4c0 DEOPT PACKING pc=0x00000261dd53b5a0 sp=0x000000cf661ff160
Event: 5.466 Thread 0x00000261ea2ba4c0 DEOPT UNPACKING pc=0x00000261d5a6d72e sp=0x000000cf661ff0f0 mode 2
Event: 5.840 Thread 0x00000261ea2cf5d0 DEOPT PACKING pc=0x00000261d60bfc29 sp=0x000000cf662fe870
Event: 5.840 Thread 0x00000261ea2cf5d0 DEOPT UNPACKING pc=0x00000261d5a6dece sp=0x000000cf662fdd00 mode 0
Event: 6.706 Thread 0x00000261ea2cf5d0 Uncommon trap: trap_request=0xffffff45 fr.pc=0x00000261dd53e278 relative=0x00000000000000d8
Event: 6.706 Thread 0x00000261ea2cf5d0 Uncommon trap: reason=unstable_if action=reinterpret pc=0x00000261dd53e278 method=java.awt.Rectangle.intersects(Ljava/awt/Rectangle;)Z @ 139 c2
Event: 6.706 Thread 0x00000261ea2cf5d0 DEOPT PACKING pc=0x00000261dd53e278 sp=0x000000cf662fe770
Event: 6.706 Thread 0x00000261ea2cf5d0 DEOPT UNPACKING pc=0x00000261d5a6d72e sp=0x000000cf662fe6d8 mode 2
Event: 13.306 Thread 0x00000261ea2cf5d0 Uncommon trap: trap_request=0xffffff45 fr.pc=0x00000261dd54b378 relative=0x0000000000000658
Event: 13.306 Thread 0x00000261ea2cf5d0 Uncommon trap: reason=unstable_if action=reinterpret pc=0x00000261dd54b378 method=brickBreaker.GamePlay$1.actionPerformed(Ljava/awt/event/ActionEvent;)V @ 465 c2
Event: 13.306 Thread 0x00000261ea2cf5d0 DEOPT PACKING pc=0x00000261dd54b378 sp=0x000000cf662fe810
Event: 13.306 Thread 0x00000261ea2cf5d0 DEOPT UNPACKING pc=0x00000261d5a6d72e sp=0x000000cf662fe798 mode 2
Event: 18.163 Thread 0x00000261ea2cf5d0 Uncommon trap: trap_request=0xffffff45 fr.pc=0x00000261dd55c3f4 relative=0x00000000000001d4
Event: 18.163 Thread 0x00000261ea2cf5d0 Uncommon trap: reason=unstable_if action=reinterpret pc=0x00000261dd55c3f4 method=java.awt.EventQueue.getNextEventPrivate()Ljava/awt/AWTEvent; @ 45 c2
Event: 18.163 Thread 0x00000261ea2cf5d0 DEOPT PACKING pc=0x00000261dd55c3f4 sp=0x000000cf662fec20
Event: 18.163 Thread 0x00000261ea2cf5d0 DEOPT UNPACKING pc=0x00000261d5a6d72e sp=0x000000cf662febc8 mode 2
Event: 34.787 Thread 0x00000261ea2cf5d0 Uncommon trap: trap_request=0xffffff45 fr.pc=0x00000261dd54f350 relative=0x00000000000025d0
Event: 34.787 Thread 0x00000261ea2cf5d0 Uncommon trap: reason=unstable_if action=reinterpret pc=0x00000261dd54f350 method=java.awt.EventQueue.postEvent(Ljava/awt/AWTEvent;I)V @ 51 c2
Event: 34.788 Thread 0x00000261ea2cf5d0 DEOPT PACKING pc=0x00000261dd54f350 sp=0x000000cf662feb70
Event: 34.788 Thread 0x00000261ea2cf5d0 DEOPT UNPACKING pc=0x00000261d5a6d72e sp=0x000000cf662fea38 mode 2

Classes unloaded (0 events):
No events

Classes redefined (0 events):
No events

Internal exceptions (17 events):
Event: 0.089 Thread 0x00000261ce2ab160 Exception <a 'sun/nio/fs/WindowsException'{0x00000000c502e748}> (0x00000000c502e748) 
thrown [t:\workspace\open\src\hotspot\share\prims\jni.cpp, line 579]
Event: 0.090 Thread 0x00000261ce2ab160 Exception <a 'sun/nio/fs/WindowsException'{0x00000000c502ec18}> (0x00000000c502ec18) 
thrown [t:\workspace\open\src\hotspot\share\prims\jni.cpp, line 579]
Event: 0.092 Thread 0x00000261ce2ab160 Exception <a 'sun/nio/fs/WindowsException'{0x00000000c5030d08}> (0x00000000c5030d08) 
thrown [t:\workspace\open\src\hotspot\share\prims\jni.cpp, line 579]
Event: 0.092 Thread 0x00000261ce2ab160 Exception <a 'sun/nio/fs/WindowsException'{0x00000000c50316d8}> (0x00000000c50316d8) 
thrown [t:\workspace\open\src\hotspot\share\prims\jni.cpp, line 579]
Event: 0.131 Thread 0x00000261ce2ab160 Exception <a 'java/lang/NoSuchMethodError'{0x00000000c50c0440}: 'void java.lang.invoke.DirectMethodHandle$Holder.invokeSpecial(java.lang.Object, java.lang.Object, java.lang.Object)'> (0x00000000c50c0440) 
thrown [t:\workspace\open\src\hotspot\share\interpreter\linkResolver.cpp, line 790]
Event: 0.148 Thread 0x00000261ce2ab160 Exception <a 'java/lang/ClassNotFoundException'{0x00000000c50d7740}: sun/awt/resources/spi/awtProvider> (0x00000000c50d7740) 
thrown [t:\workspace\open\src\hotspot\share\classfile\systemDictionary.cpp, line 256]
Event: 0.180 Thread 0x00000261ce2ab160 Exception <a 'java/io/FileNotFoundException'{0x00000000c4f2c228}> (0x00000000c4f2c228) 
thrown [t:\workspace\open\src\hotspot\share\prims\jni.cpp, line 579]
Event: 0.192 Thread 0x00000261ce2ab160 Exception <a 'java/io/FileNotFoundException'{0x00000000c4f5ad88}> (0x00000000c4f5ad88) 
thrown [t:\workspace\open\src\hotspot\share\prims\jni.cpp, line 579]
Event: 0.193 Thread 0x00000261ce2ab160 Exception <a 'java/lang/NoSuchMethodError'{0x00000000c4f5be80}: 'java.lang.Object java.lang.invoke.DirectMethodHandle$Holder.invokeStatic(java.lang.Object)'> (0x00000000c4f5be80) 
thrown [t:\workspace\open\src\hotspot\share\interpreter\linkResolver.cpp, line 790]
Event: 0.246 Thread 0x00000261ce2ab160 Exception <a 'java/lang/NoSuchMethodError'{0x00000000c4fa3368}: 'java.lang.Object java.lang.invoke.DirectMethodHandle$Holder.invokeStaticInit(java.lang.Object)'> (0x00000000c4fa3368) 
thrown [t:\workspace\open\src\hotspot\share\interpreter\linkResolver.cpp, line 790]
Event: 0.304 Thread 0x00000261ce2ab160 Exception <a 'java/lang/NoSuchMethodError'{0x00000000c4e4c590}: 'java.lang.Object java.lang.invoke.DirectMethodHandle$Holder.newInvokeSpecial(java.lang.Object, java.lang.Object, java.lang.Object, java.lang.Object, java.lang.Object)'> (0x00000000c4e4c590) 
thrown [t:\workspace\open\src\hotspot\share\interpreter\linkResolver.cpp, line 790]
Event: 0.306 Thread 0x00000261ce2ab160 Exception <a 'java/lang/NoSuchMethodError'{0x00000000c4e58078}: 'java.lang.Object java.lang.invoke.DirectMethodHandle$Holder.invokeStatic(java.lang.Object, int, java.lang.Object, java.lang.Object, java.lang.Object, java.lang.Object)'> (0x00000000c4e58078) 
thrown [t:\workspace\open\src\hotspot\share\interpreter\linkResolver.cpp, line 790]
Event: 0.313 Thread 0x00000261ce2ab160 Exception <a 'java/lang/NoSuchMethodError'{0x00000000c4e7e140}: 'java.lang.Object java.lang.invoke.DirectMethodHandle$Holder.invokeStatic(java.lang.Object, int, java.lang.Object)'> (0x00000000c4e7e140) 
thrown [t:\workspace\open\src\hotspot\share\interpreter\linkResolver.cpp, line 790]
Event: 0.355 Thread 0x00000261ce2ab160 Exception <a 'java/lang/ClassNotFoundException'{0x00000000c4d36c38}: com/sun/swing/internal/plaf/metal/resources/spi/metalProvider> (0x00000000c4d36c38) 
thrown [t:\workspace\open\src\hotspot\share\classfile\systemDictionary.cpp, line 256]
Event: 0.356 Thread 0x00000261ce2ab160 Exception <a 'java/lang/ClassNotFoundException'{0x00000000c4d3ac38}: com/sun/swing/internal/plaf/basic/resources/spi/basicProvider> (0x00000000c4d3ac38) 
thrown [t:\workspace\open\src\hotspot\share\classfile\systemDictionary.cpp, line 256]
Event: 0.426 Thread 0x00000261ce2ab160 Exception <a 'java/lang/NoSuchMethodError'{0x00000000c4c088f8}: 'void java.lang.invoke.DirectMethodHandle$Holder.invokeStaticInit(java.lang.Object)'> (0x00000000c4c088f8) 
thrown [t:\workspace\open\src\hotspot\share\interpreter\linkResolver.cpp, line 790]
Event: 0.517 Thread 0x00000261ea24dd10 Exception <a 'java/lang/NoSuchMethodError'{0x00000000c4fd80a8}: 'void java.lang.invoke.DirectMethodHandle$Holder.invokeVirtual(java.lang.Object, java.lang.Object)'> (0x00000000c4fd80a8) 
thrown [t:\workspace\open\src\hotspot\share\interpreter\linkResolver.cpp, line 790]

Events (20 events):
Event: 20.155 loading class java/security/DomainCombiner
Event: 20.155 loading class java/security/DomainCombiner done
Event: 20.816 Executing  VM operation: Cleanup
Event: 20.816 Executing  VM operation: Cleanup done
Event: 23.817 Executing  VM operation: Cleanup
Event: 23.817 Executing  VM operation: Cleanup done
Event: 25.817 Executing  VM operation: Cleanup
Event: 25.817 Executing  VM operation: Cleanup done
Event: 26.818 Executing  VM operation: Cleanup
Event: 26.818 Executing  VM operation: Cleanup done
Event: 28.822 Executing  VM operation: Cleanup
Event: 28.822 Executing  VM operation: Cleanup done
Event: 30.823 Executing  VM operation: Cleanup
Event: 30.823 Executing  VM operation: Cleanup done
Event: 31.823 Executing  VM operation: Cleanup
Event: 31.824 Executing  VM operation: Cleanup done
Event: 32.826 Executing  VM operation: Cleanup
Event: 32.826 Executing  VM operation: Cleanup done
Event: 35.827 Executing  VM operation: Cleanup
Event: 35.828 Executing  VM operation: Cleanup done


Dynamic libraries:
0x00007ff64b120000 - 0x00007ff64b130000 	C:\Program Files\Java\jdk-16.0.1\bin\java.exe
0x00007fff464c0000 - 0x00007fff466b0000 	C:\WINDOWS\SYSTEM32\ntdll.dll
0x00007fff44860000 - 0x00007fff44912000 	C:\WINDOWS\System32\KERNEL32.DLL
0x00007fff434e0000 - 0x00007fff43785000 	C:\WINDOWS\System32\KERNELBASE.dll
0x00007fff44390000 - 0x00007fff4448a000 	C:\WINDOWS\System32\ucrtbase.dll
0x00007fff331b0000 - 0x00007fff331c9000 	C:\Program Files\Java\jdk-16.0.1\bin\VCRUNTIME140.dll
0x00007fff3ed50000 - 0x00007fff3ed68000 	C:\Program Files\Java\jdk-16.0.1\bin\jli.dll
0x00007fff463d0000 - 0x00007fff46473000 	C:\WINDOWS\System32\ADVAPI32.dll
0x00007fff45910000 - 0x00007fff459ae000 	C:\WINDOWS\System32\msvcrt.dll
0x00007fff44610000 - 0x00007fff446a7000 	C:\WINDOWS\System32\sechost.dll
0x00007fff46230000 - 0x00007fff4634f000 	C:\WINDOWS\System32\RPCRT4.dll
0x00007fff45770000 - 0x00007fff45904000 	C:\WINDOWS\System32\USER32.dll
0x00007fff44190000 - 0x00007fff441b1000 	C:\WINDOWS\System32\win32u.dll
0x00007fff35c10000 - 0x00007fff35e94000 	C:\WINDOWS\WinSxS\amd64_microsoft.windows.common-controls_6595b64144ccf1df_6.0.18362.1556_none_9e7e372fe45e41d5\COMCTL32.dll
0x00007fff44570000 - 0x00007fff44596000 	C:\WINDOWS\System32\GDI32.dll
0x00007fff453c0000 - 0x00007fff456f6000 	C:\WINDOWS\System32\combase.dll
0x00007fff441c0000 - 0x00007fff44358000 	C:\WINDOWS\System32\gdi32full.dll
0x00007fff444e0000 - 0x00007fff44561000 	C:\WINDOWS\System32\bcryptPrimitives.dll
0x00007fff44070000 - 0x00007fff4410e000 	C:\WINDOWS\System32\msvcp_win.dll
0x00007fff3bd50000 - 0x00007fff3bd5a000 	C:\WINDOWS\SYSTEM32\VERSION.dll
0x00007fff44d90000 - 0x00007fff44dbe000 	C:\WINDOWS\System32\IMM32.DLL
0x00007fff331a0000 - 0x00007fff331ac000 	C:\Program Files\Java\jdk-16.0.1\bin\vcruntime140_1.dll
0x00007fff16700000 - 0x00007fff16791000 	C:\Program Files\Java\jdk-16.0.1\bin\msvcp140.dll
0x00007fff0d580000 - 0x00007fff0e12b000 	C:\Program Files\Java\jdk-16.0.1\bin\server\jvm.dll
0x00007fff44e90000 - 0x00007fff44e98000 	C:\WINDOWS\System32\PSAPI.DLL
0x00007fff407a0000 - 0x00007fff407c4000 	C:\WINDOWS\SYSTEM32\WINMM.dll
0x00007fff331d0000 - 0x00007fff331d9000 	C:\WINDOWS\SYSTEM32\WSOCK32.dll
0x00007fff445a0000 - 0x00007fff4460f000 	C:\WINDOWS\System32\ws2_32.DLL
0x00007fff40770000 - 0x00007fff4079d000 	C:\WINDOWS\SYSTEM32\WINMMBASE.dll
0x00007fff44490000 - 0x00007fff444da000 	C:\WINDOWS\System32\cfgmgr32.dll
0x00007fff43380000 - 0x00007fff43391000 	C:\WINDOWS\System32\kernel.appcore.dll
0x00007fff32a40000 - 0x00007fff32a4a000 	C:\Program Files\Java\jdk-16.0.1\bin\jimage.dll
0x00007fff2e220000 - 0x00007fff2e414000 	C:\WINDOWS\SYSTEM32\DBGHELP.DLL
0x00007fff2e1f0000 - 0x00007fff2e21a000 	C:\WINDOWS\SYSTEM32\dbgcore.DLL
0x00007fff25200000 - 0x00007fff25225000 	C:\Program Files\Java\jdk-16.0.1\bin\java.dll
0x00007fff45a10000 - 0x00007fff460f7000 	C:\WINDOWS\System32\SHELL32.dll
0x00007fff46100000 - 0x00007fff461a8000 	C:\WINDOWS\System32\shcore.dll
0x00007fff438f0000 - 0x00007fff4406b000 	C:\WINDOWS\System32\windows.storage.dll
0x00007fff433f0000 - 0x00007fff4340e000 	C:\WINDOWS\System32\profapi.dll
0x00007fff433a0000 - 0x00007fff433ea000 	C:\WINDOWS\System32\powrprof.dll
0x00007fff43370000 - 0x00007fff43380000 	C:\WINDOWS\System32\UMPDC.dll
0x00007fff45710000 - 0x00007fff45762000 	C:\WINDOWS\System32\shlwapi.dll
0x00007fff44110000 - 0x00007fff44127000 	C:\WINDOWS\System32\cryptsp.dll
0x00007fff28bd0000 - 0x00007fff28be9000 	C:\Program Files\Java\jdk-16.0.1\bin\net.dll
0x00007fff3c580000 - 0x00007fff3c67a000 	C:\WINDOWS\SYSTEM32\WINHTTP.dll
0x00007fff42b50000 - 0x00007fff42bb7000 	C:\WINDOWS\system32\mswsock.dll
0x00007fff1d9a0000 - 0x00007fff1d9b3000 	C:\Program Files\Java\jdk-16.0.1\bin\nio.dll
0x00007fff167a0000 - 0x00007fff16920000 	C:\Program Files\Java\jdk-16.0.1\bin\awt.dll
0x00007fff450c0000 - 0x00007fff45185000 	C:\WINDOWS\System32\OLEAUT32.dll
0x00007fff414e0000 - 0x00007fff4156f000 	C:\WINDOWS\SYSTEM32\apphelp.dll
0x00007fff41780000 - 0x00007fff417ad000 	C:\WINDOWS\system32\DWMAPI.DLL
0x00007fff41690000 - 0x00007fff41729000 	C:\WINDOWS\system32\uxtheme.dll
0x00007fff25350000 - 0x00007fff254a6000 	C:\WINDOWS\system32\opengl32.dll
0x00007fff25320000 - 0x00007fff2534c000 	C:\WINDOWS\SYSTEM32\GLU32.dll
0x00007fff41fb0000 - 0x00007fff41fd0000 	C:\WINDOWS\SYSTEM32\dxcore.dll
0x00007fff44ea0000 - 0x00007fff44fd5000 	C:\WINDOWS\System32\MSCTF.dll
0x00007fff45190000 - 0x00007fff452e7000 	C:\WINDOWS\System32\ole32.dll
0x00007fff169c0000 - 0x00007fff16a49000 	C:\Program Files\Java\jdk-16.0.1\bin\freetype.dll
0x00007fff12f10000 - 0x00007fff13006000 	C:\Program Files\Java\jdk-16.0.1\bin\harfbuzz.dll
0x00007fff1ae10000 - 0x00007fff1ae22000 	C:\Program Files\Java\jdk-16.0.1\bin\fontmanager.dll
0x00007fff32c30000 - 0x00007fff32ccb000 	C:\WINDOWS\System32\TextInputFramework.dll
0x00007fff39d90000 - 0x00007fff3a0ba000 	C:\WINDOWS\System32\CoreUIComponents.dll
0x00007fff412d0000 - 0x00007fff413a4000 	C:\WINDOWS\System32\CoreMessaging.dll
0x00007fff423b0000 - 0x00007fff423e1000 	C:\WINDOWS\SYSTEM32\ntmarta.dll
0x00007fff3f110000 - 0x00007fff3f262000 	C:\WINDOWS\SYSTEM32\wintypes.dll
0x00007fff33b90000 - 0x00007fff33e37000 	C:\WINDOWS\System32\iertutil.dll

dbghelp: loaded successfully - version: 4.0.5 - missing functions: none
symbol engine: initialized successfully - sym options: 0x614 - pdb path: .;C:\Program Files\Java\jdk-16.0.1\bin;C:\WINDOWS\SYSTEM32;C:\WINDOWS\WinSxS\amd64_microsoft.windows.common-controls_6595b64144ccf1df_6.0.18362.1556_none_9e7e372fe45e41d5;C:\Program Files\Java\jdk-16.0.1\bin\server

VM Arguments:
jvm_args: -Dfile.encoding=UTF-8 --module-path=D:\Development\Netbeans\Brick_Breaker\build\classes 
java_command: brickBreaker.Main
java_class_path (initial): D:\Development\Netbeans\Brick_Breaker\build\classes
Launcher Type: SUN_STANDARD

[Global flags]
     intx CICompilerCount                          = 3                                         {product} {ergonomic}
     uint ConcGCThreads                            = 1                                         {product} {ergonomic}
     uint G1ConcRefinementThreads                  = 4                                         {product} {ergonomic}
   size_t G1HeapRegionSize                         = 1048576                                   {product} {ergonomic}
    uintx GCDrainStackTargetSize                   = 64                                        {product} {ergonomic}
   size_t InitialHeapSize                          = 67108864                                  {product} {ergonomic}
   size_t MarkStackSize                            = 4194304                                   {product} {ergonomic}
   size_t MaxHeapSize                              = 1054867456                                {product} {ergonomic}
   size_t MaxNewSize                               = 632291328                                 {product} {ergonomic}
   size_t MinHeapDeltaBytes                        = 1048576                                   {product} {ergonomic}
   size_t MinHeapSize                              = 8388608                                   {product} {ergonomic}
    uintx NonNMethodCodeHeapSize                   = 5832780                                {pd product} {ergonomic}
    uintx NonProfiledCodeHeapSize                  = 122912730                              {pd product} {ergonomic}
    uintx ProfiledCodeHeapSize                     = 122912730                              {pd product} {ergonomic}
    uintx ReservedCodeCacheSize                    = 251658240                              {pd product} {ergonomic}
     bool SegmentedCodeCache                       = true                                      {product} {ergonomic}
   size_t SoftMaxHeapSize                          = 1054867456                             {manageable} {ergonomic}
     bool UseCompressedClassPointers               = true                           {product lp64_product} {ergonomic}
     bool UseCompressedOops                        = true                           {product lp64_product} {ergonomic}
     bool UseG1GC                                  = true                                      {product} {ergonomic}
     bool UseLargePagesIndividualAllocation        = false                                  {pd product} {ergonomic}

Logging:
Log output configuration:
 #0: stdout all=warning uptime,level,tags
 #1: stderr all=off uptime,level,tags

Environment Variables:
PATH=C:\Program Files\Common Files\Oracle\Java\javapath;C:\oraclexe\app\oracle\product\10.2.0\server\bin;C:\Oracle\app\oracle\product\10.2.0\server\bin;C:\WINDOWS\system32;C:\WINDOWS;C:\WINDOWS\System32\Wbem;C:\WINDOWS\System32\WindowsPowerShell\v1.0\;C:\WINDOWS\System32\OpenSSH\;C:\Program Files\CodeBlocks\MinGW\bin;C:\Program Files\Java\jdk-16.0.1\bin;C:\Users\Alien\AppData\Local\Programs\Python\Python37\Scripts\;C:\Users\Alien\AppData\Local\Programs\Python\Python37\;C:\Users\Alien\AppData\Local\Microsoft\WindowsApps;C:\Users\Alien\AppData\Local\Programs\Microsoft VS Code\bin;
USERNAME=Alien
OS=Windows_NT
PROCESSOR_IDENTIFIER=Intel64 Family 6 Model 61 Stepping 4, GenuineIntel



---------------  S Y S T E M  ---------------

OS:
 Windows 10 , 64 bit Build 18362 (10.0.18362.1500)
OS uptime: 0 days 4:39 hours

CPU: total 4 (initial active 4) (2 cores per cpu, 2 threads per core) family 6 model 61 stepping 4 microcode 0x2f, cx8, cmov, fxsr, ht, mmx, 3dnowpref, sse, sse2, sse3, ssse3, sse4.1, sse4.2, popcnt, lzcnt, tsc, tscinvbit, avx, avx2, aes, erms, clmul, bmi1, bmi2, adx, fma, vzeroupper, clflush

Memory: 4k page, system-wide physical 4016M (766M free)
TotalPageFile size 4016M (AvailPageFile size 3M)
current process WorkingSet (physical memory assigned to process): 98M, peak: 98M
current process commit charge ("private bytes"): 179M, peak: 179M

vm_info: Java HotSpot(TM) 64-Bit Server VM (16.0.1+9-24) for windows-amd64 JRE (16.0.1+9-24), built on Mar 26 2021 19:31:42 by "mach5one" with MS VC++ 16.7 (VS2019)

END.
