#
# There is insufficient memory for the Java Runtime Environment to continue.
# Native memory allocation (malloc) failed to allocate 32744 bytes for ChunkPool::allocate
# Possible reasons:
#   The system is out of physical RAM or swap space
#   The process is running with CompressedOops enabled, and the Java Heap may be blocking the growth of the native heap
# Possible solutions:
#   Reduce memory load on the system
#   Increase physical memory or swap space
#   Check if swap backing store is full
#   Decrease Java heap size (-Xmx/-Xms)
#   Decrease number of Java threads
#   Decrease Java thread stack sizes (-Xss)
#   Set larger code cache with -XX:ReservedCodeCacheSize=
#   JVM is running with Unscaled Compressed Oops mode in which the Java heap is
#     placed in the first 4GB address space. The Java Heap base address is the
#     maximum limit for the native heap growth. Please use -XX:HeapBaseMinAddress
#     to set the Java Heap base and to place the Java Heap above 4GB virtual address.
# This output file may be truncated or incomplete.
#
#  Out of Memory Error (arena.cpp:79), pid=324, tid=5512
#
# JRE version: Java(TM) SE Runtime Environment (16.0.1+9) (build 16.0.1+9-24)
# Java VM: Java HotSpot(TM) 64-Bit Server VM (16.0.1+9-24, mixed mode, sharing, tiered, compressed oops, compressed class ptrs, g1 gc, windows-amd64)
# No core dump will be written. Minidumps are not enabled by default on client versions of Windows
#

---------------  S U M M A R Y ------------

Command Line: -Dfile.encoding=UTF-8 --module-path=D:\Development\Netbeans\Brick_Breaker\build\classes brickBreaker.Main

Host: Intel(R) Core(TM) i3-5005U CPU @ 2.00GHz, 4 cores, 3G,  Windows 10 , 64 bit Build 18362 (10.0.18362.1500)
Time: Sun Aug  1 14:38:34 2021 India Standard Time elapsed time: 53.861866 seconds (0d 0h 0m 53s)

---------------  T H R E A D  ---------------

Current thread (0x000001785a8400d0):  JavaThread "C2 CompilerThread0" daemon [_thread_in_native, id=5512, stack(0x0000007755f00000,0x0000007756000000)]


Current CompileTask:
C2:  53861 1347   !   4       javax.swing.JComponent::_paintImmediately (891 bytes)

Stack: [0x0000007755f00000,0x0000007756000000]
Native frames: (J=compiled Java code, j=interpreted, Vv=VM code, C=native code)
V  [jvm.dll+0x6687ca]
V  [jvm.dll+0x7ca3c9]
V  [jvm.dll+0x7cbb53]
V  [jvm.dll+0x7cc1b3]
V  [jvm.dll+0x242ea5]
V  [jvm.dll+0xae25f]
V  [jvm.dll+0xae5ac]
V  [jvm.dll+0x6b5d29]
V  [jvm.dll+0x1b9e30]
V  [jvm.dll+0x216066]
V  [jvm.dll+0x215350]
V  [jvm.dll+0x1a1d9b]
V  [jvm.dll+0x2253a8]
V  [jvm.dll+0x2233ec]
V  [jvm.dll+0x780002]
V  [jvm.dll+0x779b4a]
V  [jvm.dll+0x667666]
C  [ucrtbase.dll+0x210b2]
C  [KERNEL32.DLL+0x17c24]
C  [ntdll.dll+0x6d721]


---------------  P R O C E S S  ---------------

Threads class SMR info:
_java_thread_list=0x000001785cb38dc0, length=17, elements={
0x000001783f7972e0, 0x000001783f798940, 0x000001783f7a44e0, 0x000001783f7a5ef0,
0x000001783f7aa1b0, 0x000001785a83ecf0, 0x000001785a8400d0, 0x000001785a8431d0,
0x000001785a8462d0, 0x000001785a8fe8d0, 0x000001785b4d2bb0, 0x000001785b69c730,
0x000001785b69f930, 0x000001785b6a2910, 0x000001785b6d31b0, 0x000001785b72d340,
0x000001783f6db770
}

Java Threads: ( => current thread )
  0x000001783f7972e0 JavaThread "Reference Handler" daemon [_thread_blocked, id=6256, stack(0x0000007755900000,0x0000007755a00000)]
  0x000001783f798940 JavaThread "Finalizer" daemon [_thread_blocked, id=420, stack(0x0000007755a00000,0x0000007755b00000)]
  0x000001783f7a44e0 JavaThread "Signal Dispatcher" daemon [_thread_blocked, id=2596, stack(0x0000007755b00000,0x0000007755c00000)]
  0x000001783f7a5ef0 JavaThread "Attach Listener" daemon [_thread_blocked, id=2736, stack(0x0000007755c00000,0x0000007755d00000)]
  0x000001783f7aa1b0 JavaThread "Service Thread" daemon [_thread_blocked, id=1108, stack(0x0000007755d00000,0x0000007755e00000)]
  0x000001785a83ecf0 JavaThread "Monitor Deflation Thread" daemon [_thread_blocked, id=5944, stack(0x0000007755e00000,0x0000007755f00000)]
=>0x000001785a8400d0 JavaThread "C2 CompilerThread0" daemon [_thread_in_native, id=5512, stack(0x0000007755f00000,0x0000007756000000)]
  0x000001785a8431d0 JavaThread "C1 CompilerThread0" daemon [_thread_blocked, id=8152, stack(0x0000007756000000,0x0000007756100000)]
  0x000001785a8462d0 JavaThread "Sweeper thread" daemon [_thread_blocked, id=2756, stack(0x0000007756100000,0x0000007756200000)]
  0x000001785a8fe8d0 JavaThread "Common-Cleaner" daemon [_thread_blocked, id=4832, stack(0x0000007756200000,0x0000007756300000)]
  0x000001785b4d2bb0 JavaThread "Notification Thread" daemon [_thread_blocked, id=2748, stack(0x0000007756300000,0x0000007756400000)]
  0x000001785b69c730 JavaThread "Java2D Disposer" daemon [_thread_blocked, id=2344, stack(0x0000007756500000,0x0000007756600000)]
  0x000001785b69f930 JavaThread "AWT-Shutdown" [_thread_blocked, id=1796, stack(0x0000007756600000,0x0000007756700000)]
  0x000001785b6a2910 JavaThread "AWT-Windows" daemon [_thread_in_native, id=2916, stack(0x0000007756700000,0x0000007756800000)]
  0x000001785b6d31b0 JavaThread "TimerQueue" daemon [_thread_in_vm, id=7132, stack(0x0000007756800000,0x0000007756900000)]
  0x000001785b72d340 JavaThread "AWT-EventQueue-0" [_thread_blocked, id=4060, stack(0x0000007756900000,0x0000007756a00000)]
  0x000001783f6db770 JavaThread "DestroyJavaVM" [_thread_blocked, id=7248, stack(0x0000007755200000,0x0000007755300000)]

Other Threads:
  0x000001783f791ee0 VMThread "VM Thread" [stack: 0x0000007755800000,0x0000007755900000] [id=3092]
  0x000001783f6dc7f0 WatcherThread [stack: 0x0000007756400000,0x0000007756500000] [id=2196]
  0x000001783f709890 GCTaskThread "GC Thread#0" [stack: 0x0000007755300000,0x0000007755400000] [id=5444]
  0x000001785cc3a190 GCTaskThread "GC Thread#1" [stack: 0x0000007756a00000,0x0000007756b00000] [id=4460]
  0x000001785cc3a4a0 GCTaskThread "GC Thread#2" [stack: 0x0000007756b00000,0x0000007756c00000] [id=6668]
  0x000001785cc3a7b0 GCTaskThread "GC Thread#3" [stack: 0x0000007756c00000,0x0000007756d00000] [id=572]
  0x000001783f7137a0 ConcurrentGCThread "G1 Main Marker" [stack: 0x0000007755400000,0x0000007755500000] [id=4468]
  0x000001783f714a30 ConcurrentGCThread "G1 Conc#0" [stack: 0x0000007755500000,0x0000007755600000] [id=5280]
  0x000001783f762cd0 ConcurrentGCThread "G1 Refine#0" [stack: 0x0000007755600000,0x0000007755700000] [id=3448]
  0x000001783f763750 ConcurrentGCThread "G1 Service" [stack: 0x0000007755700000,0x0000007755800000] [id=4804]

Threads with active compile tasks:
C2 CompilerThread0    53918 1347   !   4       javax.swing.JComponent::_paintImmediately (891 bytes)

VM state: not at safepoint (normal execution)

VM Mutex/Monitor currently owned by a thread: None

Heap address: 0x00000000c1200000, size: 1006 MB, Compressed Oops mode: 32-bit

CDS archive(s) mapped at: [0x0000000800000000-0x0000000800bb0000-0x0000000800bb0000), size 12255232, SharedBaseAddress: 0x0000000800000000, ArchiveRelocationMode: 0.
Compressed class space mapped at: 0x0000000800c00000-0x0000000840c00000, reserved size: 1073741824
Narrow klass base: 0x0000000800000000, Narrow klass shift: 3, Narrow klass range: 0x100000000

GC Precious Log:
 CPUs: 4 total, 4 available
 Memory: 4016M
 Large Page Support: Disabled
 NUMA Support: Disabled
 Compressed Oops: Enabled (32-bit)
 Heap Region Size: 1M
 Heap Min Capacity: 8M
 Heap Initial Capacity: 64M
 Heap Max Capacity: 1006M
 Pre-touch: Disabled
 Parallel Workers: 4
 Concurrent Workers: 1
 Concurrent Refinement Workers: 4
 Periodic GC: Disabled

Heap:
 garbage-first heap   total 65536K, used 14001K [0x00000000c1200000, 0x0000000100000000)
  region size 1024K, 13 young (13312K), 2 survivors (2048K)
 Metaspace       used 6967K, committed 7168K, reserved 1056768K
  class space    used 707K, committed 832K, reserved 1048576K

Heap Regions: E=young(eden), S=young(survivor), O=old, HS=humongous(starts), HC=humongous(continues), CS=collection set, F=free, OA=open archive, CA=closed archive, TAMS=top-at-mark-start (previous, next)
|   0|0x00000000c1200000, 0x00000000c1300000, 0x00000000c1300000|100%|HS|  |TAMS 0x00000000c1200000, 0x00000000c1200000| Complete 
|   1|0x00000000c1300000, 0x00000000c1400000, 0x00000000c1400000|100%|HC|  |TAMS 0x00000000c1300000, 0x00000000c1300000| Complete 
|   2|0x00000000c1400000, 0x00000000c1400000, 0x00000000c1500000|  0%| F|  |TAMS 0x00000000c1400000, 0x00000000c1400000| Untracked 
|   3|0x00000000c1500000, 0x00000000c1500000, 0x00000000c1600000|  0%| F|  |TAMS 0x00000000c1500000, 0x00000000c1500000| Untracked 
|   4|0x00000000c1600000, 0x00000000c1600000, 0x00000000c1700000|  0%| F|  |TAMS 0x00000000c1600000, 0x00000000c1600000| Untracked 
|   5|0x00000000c1700000, 0x00000000c1700000, 0x00000000c1800000|  0%| F|  |TAMS 0x00000000c1700000, 0x00000000c1700000| Untracked 
|   6|0x00000000c1800000, 0x00000000c1800000, 0x00000000c1900000|  0%| F|  |TAMS 0x00000000c1800000, 0x00000000c1800000| Untracked 
|   7|0x00000000c1900000, 0x00000000c1900000, 0x00000000c1a00000|  0%| F|  |TAMS 0x00000000c1900000, 0x00000000c1900000| Untracked 
|   8|0x00000000c1a00000, 0x00000000c1a00000, 0x00000000c1b00000|  0%| F|  |TAMS 0x00000000c1a00000, 0x00000000c1a00000| Untracked 
|   9|0x00000000c1b00000, 0x00000000c1b00000, 0x00000000c1c00000|  0%| F|  |TAMS 0x00000000c1b00000, 0x00000000c1b00000| Untracked 
|  10|0x00000000c1c00000, 0x00000000c1c00000, 0x00000000c1d00000|  0%| F|  |TAMS 0x00000000c1c00000, 0x00000000c1c00000| Untracked 
|  11|0x00000000c1d00000, 0x00000000c1d00000, 0x00000000c1e00000|  0%| F|  |TAMS 0x00000000c1d00000, 0x00000000c1d00000| Untracked 
|  12|0x00000000c1e00000, 0x00000000c1e00000, 0x00000000c1f00000|  0%| F|  |TAMS 0x00000000c1e00000, 0x00000000c1e00000| Untracked 
|  13|0x00000000c1f00000, 0x00000000c1f00000, 0x00000000c2000000|  0%| F|  |TAMS 0x00000000c1f00000, 0x00000000c1f00000| Untracked 
|  14|0x00000000c2000000, 0x00000000c2000000, 0x00000000c2100000|  0%| F|  |TAMS 0x00000000c2000000, 0x00000000c2000000| Untracked 
|  15|0x00000000c2100000, 0x00000000c2100000, 0x00000000c2200000|  0%| F|  |TAMS 0x00000000c2100000, 0x00000000c2100000| Untracked 
|  16|0x00000000c2200000, 0x00000000c2200000, 0x00000000c2300000|  0%| F|  |TAMS 0x00000000c2200000, 0x00000000c2200000| Untracked 
|  17|0x00000000c2300000, 0x00000000c2300000, 0x00000000c2400000|  0%| F|  |TAMS 0x00000000c2300000, 0x00000000c2300000| Untracked 
|  18|0x00000000c2400000, 0x00000000c2400000, 0x00000000c2500000|  0%| F|  |TAMS 0x00000000c2400000, 0x00000000c2400000| Untracked 
|  19|0x00000000c2500000, 0x00000000c2500000, 0x00000000c2600000|  0%| F|  |TAMS 0x00000000c2500000, 0x00000000c2500000| Untracked 
|  20|0x00000000c2600000, 0x00000000c2600000, 0x00000000c2700000|  0%| F|  |TAMS 0x00000000c2600000, 0x00000000c2600000| Untracked 
|  21|0x00000000c2700000, 0x00000000c2700000, 0x00000000c2800000|  0%| F|  |TAMS 0x00000000c2700000, 0x00000000c2700000| Untracked 
|  22|0x00000000c2800000, 0x00000000c2800000, 0x00000000c2900000|  0%| F|  |TAMS 0x00000000c2800000, 0x00000000c2800000| Untracked 
|  23|0x00000000c2900000, 0x00000000c2900000, 0x00000000c2a00000|  0%| F|  |TAMS 0x00000000c2900000, 0x00000000c2900000| Untracked 
|  24|0x00000000c2a00000, 0x00000000c2a00000, 0x00000000c2b00000|  0%| F|  |TAMS 0x00000000c2a00000, 0x00000000c2a00000| Untracked 
|  25|0x00000000c2b00000, 0x00000000c2b00000, 0x00000000c2c00000|  0%| F|  |TAMS 0x00000000c2b00000, 0x00000000c2b00000| Untracked 
|  26|0x00000000c2c00000, 0x00000000c2c00000, 0x00000000c2d00000|  0%| F|  |TAMS 0x00000000c2c00000, 0x00000000c2c00000| Untracked 
|  27|0x00000000c2d00000, 0x00000000c2d00000, 0x00000000c2e00000|  0%| F|  |TAMS 0x00000000c2d00000, 0x00000000c2d00000| Untracked 
|  28|0x00000000c2e00000, 0x00000000c2e00000, 0x00000000c2f00000|  0%| F|  |TAMS 0x00000000c2e00000, 0x00000000c2e00000| Untracked 
|  29|0x00000000c2f00000, 0x00000000c2f00000, 0x00000000c3000000|  0%| F|  |TAMS 0x00000000c2f00000, 0x00000000c2f00000| Untracked 
|  30|0x00000000c3000000, 0x00000000c3000000, 0x00000000c3100000|  0%| F|  |TAMS 0x00000000c3000000, 0x00000000c3000000| Untracked 
|  31|0x00000000c3100000, 0x00000000c3100000, 0x00000000c3200000|  0%| F|  |TAMS 0x00000000c3100000, 0x00000000c3100000| Untracked 
|  32|0x00000000c3200000, 0x00000000c3200000, 0x00000000c3300000|  0%| F|  |TAMS 0x00000000c3200000, 0x00000000c3200000| Untracked 
|  33|0x00000000c3300000, 0x00000000c3300000, 0x00000000c3400000|  0%| F|  |TAMS 0x00000000c3300000, 0x00000000c3300000| Untracked 
|  34|0x00000000c3400000, 0x00000000c3400000, 0x00000000c3500000|  0%| F|  |TAMS 0x00000000c3400000, 0x00000000c3400000| Untracked 
|  35|0x00000000c3500000, 0x00000000c3500000, 0x00000000c3600000|  0%| F|  |TAMS 0x00000000c3500000, 0x00000000c3500000| Untracked 
|  36|0x00000000c3600000, 0x00000000c3600000, 0x00000000c3700000|  0%| F|  |TAMS 0x00000000c3600000, 0x00000000c3600000| Untracked 
|  37|0x00000000c3700000, 0x00000000c3700000, 0x00000000c3800000|  0%| F|  |TAMS 0x00000000c3700000, 0x00000000c3700000| Untracked 
|  38|0x00000000c3800000, 0x00000000c3800000, 0x00000000c3900000|  0%| F|  |TAMS 0x00000000c3800000, 0x00000000c3800000| Untracked 
|  39|0x00000000c3900000, 0x00000000c3900000, 0x00000000c3a00000|  0%| F|  |TAMS 0x00000000c3900000, 0x00000000c3900000| Untracked 
|  40|0x00000000c3a00000, 0x00000000c3a00000, 0x00000000c3b00000|  0%| F|  |TAMS 0x00000000c3a00000, 0x00000000c3a00000| Untracked 
|  41|0x00000000c3b00000, 0x00000000c3b00000, 0x00000000c3c00000|  0%| F|  |TAMS 0x00000000c3b00000, 0x00000000c3b00000| Untracked 
|  42|0x00000000c3c00000, 0x00000000c3c00000, 0x00000000c3d00000|  0%| F|  |TAMS 0x00000000c3c00000, 0x00000000c3c00000| Untracked 
|  43|0x00000000c3d00000, 0x00000000c3d00000, 0x00000000c3e00000|  0%| F|  |TAMS 0x00000000c3d00000, 0x00000000c3d00000| Untracked 
|  44|0x00000000c3e00000, 0x00000000c3e00000, 0x00000000c3f00000|  0%| F|  |TAMS 0x00000000c3e00000, 0x00000000c3e00000| Untracked 
|  45|0x00000000c3f00000, 0x00000000c3f00000, 0x00000000c4000000|  0%| F|  |TAMS 0x00000000c3f00000, 0x00000000c3f00000| Untracked 
|  46|0x00000000c4000000, 0x00000000c4000000, 0x00000000c4100000|  0%| F|  |TAMS 0x00000000c4000000, 0x00000000c4000000| Untracked 
|  47|0x00000000c4100000, 0x00000000c4100000, 0x00000000c4200000|  0%| F|  |TAMS 0x00000000c4100000, 0x00000000c4100000| Untracked 
|  48|0x00000000c4200000, 0x00000000c4200000, 0x00000000c4300000|  0%| F|  |TAMS 0x00000000c4200000, 0x00000000c4200000| Untracked 
|  49|0x00000000c4300000, 0x00000000c43ac708, 0x00000000c4400000| 67%| S|CS|TAMS 0x00000000c4300000, 0x00000000c4300000| Complete 
|  50|0x00000000c4400000, 0x00000000c4500000, 0x00000000c4500000|100%| S|CS|TAMS 0x00000000c4400000, 0x00000000c4400000| Complete 
|  51|0x00000000c4500000, 0x00000000c4500000, 0x00000000c4600000|  0%| F|  |TAMS 0x00000000c4500000, 0x00000000c4500000| Untracked 
|  52|0x00000000c4600000, 0x00000000c4600000, 0x00000000c4700000|  0%| F|  |TAMS 0x00000000c4600000, 0x00000000c4600000| Untracked 
|  53|0x00000000c4700000, 0x00000000c4748f48, 0x00000000c4800000| 28%| E|  |TAMS 0x00000000c4700000, 0x00000000c4700000| Complete 
|  54|0x00000000c4800000, 0x00000000c4900000, 0x00000000c4900000|100%| E|CS|TAMS 0x00000000c4800000, 0x00000000c4800000| Complete 
|  55|0x00000000c4900000, 0x00000000c4a00000, 0x00000000c4a00000|100%| E|CS|TAMS 0x00000000c4900000, 0x00000000c4900000| Complete 
|  56|0x00000000c4a00000, 0x00000000c4b00000, 0x00000000c4b00000|100%| E|CS|TAMS 0x00000000c4a00000, 0x00000000c4a00000| Complete 
|  57|0x00000000c4b00000, 0x00000000c4c00000, 0x00000000c4c00000|100%| E|CS|TAMS 0x00000000c4b00000, 0x00000000c4b00000| Complete 
|  58|0x00000000c4c00000, 0x00000000c4d00000, 0x00000000c4d00000|100%| E|CS|TAMS 0x00000000c4c00000, 0x00000000c4c00000| Complete 
|  59|0x00000000c4d00000, 0x00000000c4e00000, 0x00000000c4e00000|100%| E|CS|TAMS 0x00000000c4d00000, 0x00000000c4d00000| Complete 
|  60|0x00000000c4e00000, 0x00000000c4f00000, 0x00000000c4f00000|100%| E|CS|TAMS 0x00000000c4e00000, 0x00000000c4e00000| Complete 
|  61|0x00000000c4f00000, 0x00000000c5000000, 0x00000000c5000000|100%| E|CS|TAMS 0x00000000c4f00000, 0x00000000c4f00000| Complete 
|  62|0x00000000c5000000, 0x00000000c5100000, 0x00000000c5100000|100%| E|CS|TAMS 0x00000000c5000000, 0x00000000c5000000| Complete 
|  63|0x00000000c5100000, 0x00000000c5200000, 0x00000000c5200000|100%| E|CS|TAMS 0x00000000c5100000, 0x00000000c5100000| Complete 

Card table byte_map: [0x0000017856050000,0x0000017856250000] _byte_map_base: 0x0000017855a47000

Marking Bits (Prev, Next): (CMBitMap*) 0x000001783f70af90, (CMBitMap*) 0x000001783f70afd0
 Prev Bits: [0x0000017856450000, 0x0000017857408000)
 Next Bits: [0x0000017857410000, 0x00000178583c8000)

Polling page: 0x000001783d630000

Metaspace:

Usage:
  Non-class:      6.11 MB used.
      Class:    707.91 KB used.
       Both:      6.80 MB used.

Virtual space:
  Non-class space:        8.00 MB reserved,       6.19 MB ( 77%) committed,  1 nodes.
      Class space:        1.00 GB reserved,     832.00 KB ( <1%) committed,  1 nodes.
              Both:        1.01 GB reserved,       7.00 MB ( <1%) committed. 

Chunk freelists:
   Non-Class:  1.00 MB
       Class:  3.24 MB
        Both:  4.24 MB

MaxMetaspaceSize: 17179869184.00 GB
CompressedClassSpaceSize: 1.00 GB
 - commit_granule_bytes: 65536.
 - commit_granule_words: 8192.
 - virtual_space_node_default_size: 1048576.
 - enlarge_chunks_in_place: 1.
 - new_chunks_are_fully_committed: 0.
 - uncommit_free_chunks: 1.
 - use_allocation_guard: 0.
 - handle_deallocations: 1.


Internal statistics:

num_allocs_failed_limit: 0.
num_arena_births: 110.
num_arena_deaths: 0.
num_vsnodes_births: 2.
num_vsnodes_deaths: 0.
num_space_committed: 112.
num_space_uncommitted: 0.
num_chunks_returned_to_freelist: 0.
num_chunks_taken_from_freelist: 143.
num_chunk_merges: 0.
num_chunk_splits: 89.
num_chunks_enlarged: 49.
num_purges: 0.

CodeHeap 'non-profiled nmethods': size=120000Kb used=657Kb max_used=657Kb free=119342Kb
 bounds [0x000001784e920000, 0x000001784eb90000, 0x0000017855e50000]
CodeHeap 'profiled nmethods': size=120000Kb used=2036Kb max_used=2036Kb free=117964Kb
 bounds [0x00000178473f0000, 0x0000017847660000, 0x000001784e920000]
CodeHeap 'non-nmethods': size=5760Kb used=1253Kb max_used=1293Kb free=4507Kb
 bounds [0x0000017846e50000, 0x00000178470c0000, 0x00000178473f0000]
 total_blobs=1912 nmethods=1345 adapters=480
 compilation: enabled
              stopped_count=0, restarted_count=0
 full_count=0

Compilation events (20 events):
Event: 40.273 Thread 0x000001785a8400d0 nmethod 1337 0x000001784e9c0790 code [0x000001784e9c0960, 0x000001784e9c11b8]
Event: 40.274 Thread 0x000001785a8400d0 1338       4       sun.java2d.SurfaceData::canRenderParallelograms (137 bytes)
Event: 40.275 Thread 0x000001785a8400d0 nmethod 1338 0x000001784e9c1490 code [0x000001784e9c1620, 0x000001784e9c1778]
Event: 42.997 Thread 0x000001785a8400d0 1339       4       java.util.AbstractCollection::<init> (5 bytes)
Event: 42.997 Thread 0x000001785a8400d0 nmethod 1339 0x000001784e9c1910 code [0x000001784e9c1a80, 0x000001784e9c1af8]
Event: 45.943 Thread 0x000001785a8400d0 1340   !   4       sun.awt.image.SurfaceManager::getManager (47 bytes)
Event: 45.945 Thread 0x000001785a8400d0 nmethod 1340 0x000001784e9c1c10 code [0x000001784e9c1da0, 0x000001784e9c1e38]
Event: 48.043 Thread 0x000001785a8400d0 1341       4       brickBreaker.GamePlay$1::actionPerformed (450 bytes)
Event: 48.093 Thread 0x000001785a8400d0 nmethod 1341 0x000001784e9c1f90 code [0x000001784e9c2180, 0x000001784e9c2910]
Event: 50.037 Thread 0x000001785a8400d0 1342       4       javax.swing.JComponent::getFlag (20 bytes)
Event: 50.037 Thread 0x000001785a8431d0 1343       1       java.awt.event.InputEvent::isConsumed (5 bytes)
Event: 50.037 Thread 0x000001785a8431d0 nmethod 1343 0x000001784e9c3010 code [0x000001784e9c31a0, 0x000001784e9c3278]
Event: 50.038 Thread 0x000001785a8400d0 nmethod 1342 0x000001784e9c3310 code [0x000001784e9c3480, 0x000001784e9c3518]
Event: 51.251 Thread 0x000001785a8400d0 1344       4       java.lang.String::checkBoundsBeginEnd (63 bytes)
Event: 51.253 Thread 0x000001785a8400d0 nmethod 1344 0x000001784e9c3610 code [0x000001784e9c37a0, 0x000001784e9c3858]
Event: 52.116 Thread 0x000001785a8400d0 1345       4       jdk.internal.misc.Unsafe::allocateUninitializedArray (55 bytes)
Event: 52.120 Thread 0x000001785a8400d0 nmethod 1345 0x000001784e9c3910 code [0x000001784e9c3aa0, 0x000001784e9c3c78]
Event: 52.176 Thread 0x000001785a8400d0 1346       4       sun.java2d.windows.GDIWindowSurfaceData::getBounds (54 bytes)
Event: 52.183 Thread 0x000001785a8400d0 nmethod 1346 0x000001784e9c3e10 code [0x000001784e9c3fe0, 0x000001784e9c42b8]
Event: 53.010 Thread 0x000001785a8400d0 1347   !   4       javax.swing.JComponent::_paintImmediately (891 bytes)

GC Heap History (2 events):
Event: 22.335 GC heap before
{Heap before GC invocations=0 (full 0):
 garbage-first heap   total 65536K, used 15360K [0x00000000c1200000, 0x0000000100000000)
  region size 1024K, 13 young (13312K), 0 survivors (0K)
 Metaspace       used 6965K, committed 7168K, reserved 1056768K
  class space    used 707K, committed 832K, reserved 1048576K
}
Event: 22.341 GC heap after
{Heap after GC invocations=1 (full 0):
 garbage-first heap   total 65536K, used 3761K [0x00000000c1200000, 0x0000000100000000)
  region size 1024K, 2 young (2048K), 2 survivors (2048K)
 Metaspace       used 6965K, committed 7168K, reserved 1056768K
  class space    used 707K, committed 832K, reserved 1048576K
}

Deoptimization events (20 events):
Event: 39.207 Thread 0x000001785b72d340 Uncommon trap: trap_request=0xffffff45 fr.pc=0x000001784e97a0f0 relative=0x0000000000000590
Event: 39.207 Thread 0x000001785b72d340 Uncommon trap: reason=unstable_if action=reinterpret pc=0x000001784e97a0f0 method=brickBreaker.GamePlay$1.actionPerformed(Ljava/awt/event/ActionEvent;)V @ 396 c2
Event: 39.207 Thread 0x000001785b72d340 DEOPT PACKING pc=0x000001784e97a0f0 sp=0x00000077569fee00
Event: 39.207 Thread 0x000001785b72d340 DEOPT UNPACKING pc=0x0000017846e9d72e sp=0x00000077569fed70 mode 2
Event: 52.131 Thread 0x000001785b72d340 Uncommon trap: trap_request=0xffffffde fr.pc=0x000001784e9c3bb8 relative=0x0000000000000118
Event: 52.131 Thread 0x000001785b72d340 Uncommon trap: reason=class_check action=maybe_recompile pc=0x000001784e9c3bb8 method=jdk.internal.misc.Unsafe.allocateUninitializedArray(Ljava/lang/Class;I)Ljava/lang/Object; @ 51 c2
Event: 52.131 Thread 0x000001785b72d340 DEOPT PACKING pc=0x000001784e9c3bb8 sp=0x00000077569fe030
Event: 52.131 Thread 0x000001785b72d340 DEOPT UNPACKING pc=0x0000017846e9d72e sp=0x00000077569fdfb8 mode 2
Event: 52.146 Thread 0x000001785b72d340 Uncommon trap: trap_request=0xffffffde fr.pc=0x000001784e9c3bb8 relative=0x0000000000000118
Event: 52.146 Thread 0x000001785b72d340 Uncommon trap: reason=class_check action=maybe_recompile pc=0x000001784e9c3bb8 method=jdk.internal.misc.Unsafe.allocateUninitializedArray(Ljava/lang/Class;I)Ljava/lang/Object; @ 51 c2
Event: 52.146 Thread 0x000001785b72d340 DEOPT PACKING pc=0x000001784e9c3bb8 sp=0x00000077569fe030
Event: 52.146 Thread 0x000001785b72d340 DEOPT UNPACKING pc=0x0000017846e9d72e sp=0x00000077569fdfb8 mode 2
Event: 52.161 Thread 0x000001785b72d340 Uncommon trap: trap_request=0xffffffde fr.pc=0x000001784e9c3bb8 relative=0x0000000000000118
Event: 52.161 Thread 0x000001785b72d340 Uncommon trap: reason=class_check action=maybe_recompile pc=0x000001784e9c3bb8 method=jdk.internal.misc.Unsafe.allocateUninitializedArray(Ljava/lang/Class;I)Ljava/lang/Object; @ 51 c2
Event: 52.161 Thread 0x000001785b72d340 DEOPT PACKING pc=0x000001784e9c3bb8 sp=0x00000077569fe030
Event: 52.161 Thread 0x000001785b72d340 DEOPT UNPACKING pc=0x0000017846e9d72e sp=0x00000077569fdfb8 mode 2
Event: 52.176 Thread 0x000001785b72d340 Uncommon trap: trap_request=0xffffffde fr.pc=0x000001784e9c3bb8 relative=0x0000000000000118
Event: 52.176 Thread 0x000001785b72d340 Uncommon trap: reason=class_check action=maybe_recompile pc=0x000001784e9c3bb8 method=jdk.internal.misc.Unsafe.allocateUninitializedArray(Ljava/lang/Class;I)Ljava/lang/Object; @ 51 c2
Event: 52.176 Thread 0x000001785b72d340 DEOPT PACKING pc=0x000001784e9c3bb8 sp=0x00000077569fe030
Event: 52.176 Thread 0x000001785b72d340 DEOPT UNPACKING pc=0x0000017846e9d72e sp=0x00000077569fdfb8 mode 2

Classes unloaded (0 events):
No events

Classes redefined (0 events):
No events

Internal exceptions (17 events):
Event: 0.089 Thread 0x000001783f6db770 Exception <a 'sun/nio/fs/WindowsException'{0x00000000c502e748}> (0x00000000c502e748) 
thrown [t:\workspace\open\src\hotspot\share\prims\jni.cpp, line 579]
Event: 0.090 Thread 0x000001783f6db770 Exception <a 'sun/nio/fs/WindowsException'{0x00000000c502ec18}> (0x00000000c502ec18) 
thrown [t:\workspace\open\src\hotspot\share\prims\jni.cpp, line 579]
Event: 0.092 Thread 0x000001783f6db770 Exception <a 'sun/nio/fs/WindowsException'{0x00000000c5030d08}> (0x00000000c5030d08) 
thrown [t:\workspace\open\src\hotspot\share\prims\jni.cpp, line 579]
Event: 0.092 Thread 0x000001783f6db770 Exception <a 'sun/nio/fs/WindowsException'{0x00000000c50316d8}> (0x00000000c50316d8) 
thrown [t:\workspace\open\src\hotspot\share\prims\jni.cpp, line 579]
Event: 0.141 Thread 0x000001783f6db770 Exception <a 'java/lang/NoSuchMethodError'{0x00000000c50c14b0}: 'void java.lang.invoke.DirectMethodHandle$Holder.invokeSpecial(java.lang.Object, java.lang.Object, java.lang.Object)'> (0x00000000c50c14b0) 
thrown [t:\workspace\open\src\hotspot\share\interpreter\linkResolver.cpp, line 790]
Event: 0.158 Thread 0x000001783f6db770 Exception <a 'java/lang/ClassNotFoundException'{0x00000000c50d87c0}: sun/awt/resources/spi/awtProvider> (0x00000000c50d87c0) 
thrown [t:\workspace\open\src\hotspot\share\classfile\systemDictionary.cpp, line 256]
Event: 0.190 Thread 0x000001783f6db770 Exception <a 'java/io/FileNotFoundException'{0x00000000c4f2d280}> (0x00000000c4f2d280) 
thrown [t:\workspace\open\src\hotspot\share\prims\jni.cpp, line 579]
Event: 0.204 Thread 0x000001783f6db770 Exception <a 'java/io/FileNotFoundException'{0x00000000c4f5be20}> (0x00000000c4f5be20) 
thrown [t:\workspace\open\src\hotspot\share\prims\jni.cpp, line 579]
Event: 0.205 Thread 0x000001783f6db770 Exception <a 'java/lang/NoSuchMethodError'{0x00000000c4f5cf18}: 'java.lang.Object java.lang.invoke.DirectMethodHandle$Holder.invokeStatic(java.lang.Object)'> (0x00000000c4f5cf18) 
thrown [t:\workspace\open\src\hotspot\share\interpreter\linkResolver.cpp, line 790]
Event: 0.258 Thread 0x000001783f6db770 Exception <a 'java/lang/NoSuchMethodError'{0x00000000c4fa47f0}: 'java.lang.Object java.lang.invoke.DirectMethodHandle$Holder.invokeStaticInit(java.lang.Object)'> (0x00000000c4fa47f0) 
thrown [t:\workspace\open\src\hotspot\share\interpreter\linkResolver.cpp, line 790]
Event: 0.315 Thread 0x000001783f6db770 Exception <a 'java/lang/NoSuchMethodError'{0x00000000c4e4d400}: 'java.lang.Object java.lang.invoke.DirectMethodHandle$Holder.newInvokeSpecial(java.lang.Object, java.lang.Object, java.lang.Object, java.lang.Object, java.lang.Object)'> (0x00000000c4e4d400) 
thrown [t:\workspace\open\src\hotspot\share\interpreter\linkResolver.cpp, line 790]
Event: 0.318 Thread 0x000001783f6db770 Exception <a 'java/lang/NoSuchMethodError'{0x00000000c4e58ee8}: 'java.lang.Object java.lang.invoke.DirectMethodHandle$Holder.invokeStatic(java.lang.Object, int, java.lang.Object, java.lang.Object, java.lang.Object, java.lang.Object)'> (0x00000000c4e58ee8) 
thrown [t:\workspace\open\src\hotspot\share\interpreter\linkResolver.cpp, line 790]
Event: 0.325 Thread 0x000001783f6db770 Exception <a 'java/lang/NoSuchMethodError'{0x00000000c4e7efb0}: 'java.lang.Object java.lang.invoke.DirectMethodHandle$Holder.invokeStatic(java.lang.Object, int, java.lang.Object)'> (0x00000000c4e7efb0) 
thrown [t:\workspace\open\src\hotspot\share\interpreter\linkResolver.cpp, line 790]
Event: 0.396 Thread 0x000001783f6db770 Exception <a 'java/lang/ClassNotFoundException'{0x00000000c4d37c00}: com/sun/swing/internal/plaf/metal/resources/spi/metalProvider> (0x00000000c4d37c00) 
thrown [t:\workspace\open\src\hotspot\share\classfile\systemDictionary.cpp, line 256]
Event: 0.398 Thread 0x000001783f6db770 Exception <a 'java/lang/ClassNotFoundException'{0x00000000c4d3bc00}: com/sun/swing/internal/plaf/basic/resources/spi/basicProvider> (0x00000000c4d3bc00) 
thrown [t:\workspace\open\src\hotspot\share\classfile\systemDictionary.cpp, line 256]
Event: 0.493 Thread 0x000001783f6db770 Exception <a 'java/lang/NoSuchMethodError'{0x00000000c4c09ab0}: 'void java.lang.invoke.DirectMethodHandle$Holder.invokeStaticInit(java.lang.Object)'> (0x00000000c4c09ab0) 
thrown [t:\workspace\open\src\hotspot\share\interpreter\linkResolver.cpp, line 790]
Event: 0.593 Thread 0x000001785b6a2910 Exception <a 'java/lang/NoSuchMethodError'{0x00000000c4fd8648}: 'void java.lang.invoke.DirectMethodHandle$Holder.invokeVirtual(java.lang.Object, java.lang.Object)'> (0x00000000c4fd8648) 
thrown [t:\workspace\open\src\hotspot\share\interpreter\linkResolver.cpp, line 790]

Events (20 events):
Event: 21.630 Executing  VM operation: Cleanup
Event: 21.630 Executing  VM operation: Cleanup done
Event: 22.335 Executing  VM operation: G1CollectForAllocation
Event: 22.341 Executing  VM operation: G1CollectForAllocation done
Event: 26.324 loading class java/security/DomainCombiner
Event: 26.324 loading class java/security/DomainCombiner done
Event: 30.344 Executing  VM operation: Cleanup
Event: 30.344 Executing  VM operation: Cleanup done
Event: 31.347 Executing  VM operation: Cleanup
Event: 31.347 Executing  VM operation: Cleanup done
Event: 34.353 Executing  VM operation: Cleanup
Event: 34.353 Executing  VM operation: Cleanup done
Event: 40.364 Executing  VM operation: Cleanup
Event: 40.364 Executing  VM operation: Cleanup done
Event: 42.364 Executing  VM operation: Cleanup
Event: 42.364 Executing  VM operation: Cleanup done
Event: 50.369 Executing  VM operation: Cleanup
Event: 50.369 Executing  VM operation: Cleanup done
Event: 52.370 Executing  VM operation: Cleanup
Event: 52.370 Executing  VM operation: Cleanup done


Dynamic libraries:
0x00007ff64b120000 - 0x00007ff64b130000 	C:\Program Files\Java\jdk-16.0.1\bin\java.exe
0x00007fff464c0000 - 0x00007fff466b0000 	C:\WINDOWS\SYSTEM32\ntdll.dll
0x00007fff44860000 - 0x00007fff44912000 	C:\WINDOWS\System32\KERNEL32.DLL
0x00007fff434e0000 - 0x00007fff43785000 	C:\WINDOWS\System32\KERNELBASE.dll
0x00007fff44390000 - 0x00007fff4448a000 	C:\WINDOWS\System32\ucrtbase.dll
0x00007fff3dd70000 - 0x00007fff3dd89000 	C:\Program Files\Java\jdk-16.0.1\bin\VCRUNTIME140.dll
0x00007fff3dd30000 - 0x00007fff3dd48000 	C:\Program Files\Java\jdk-16.0.1\bin\jli.dll
0x00007fff463d0000 - 0x00007fff46473000 	C:\WINDOWS\System32\ADVAPI32.dll
0x00007fff45910000 - 0x00007fff459ae000 	C:\WINDOWS\System32\msvcrt.dll
0x00007fff44610000 - 0x00007fff446a7000 	C:\WINDOWS\System32\sechost.dll
0x00007fff46230000 - 0x00007fff4634f000 	C:\WINDOWS\System32\RPCRT4.dll
0x00007fff45770000 - 0x00007fff45904000 	C:\WINDOWS\System32\USER32.dll
0x00007fff44190000 - 0x00007fff441b1000 	C:\WINDOWS\System32\win32u.dll
0x00007fff35c10000 - 0x00007fff35e94000 	C:\WINDOWS\WinSxS\amd64_microsoft.windows.common-controls_6595b64144ccf1df_6.0.18362.1556_none_9e7e372fe45e41d5\COMCTL32.dll
0x00007fff44570000 - 0x00007fff44596000 	C:\WINDOWS\System32\GDI32.dll
0x00007fff453c0000 - 0x00007fff456f6000 	C:\WINDOWS\System32\combase.dll
0x00007fff441c0000 - 0x00007fff44358000 	C:\WINDOWS\System32\gdi32full.dll
0x00007fff444e0000 - 0x00007fff44561000 	C:\WINDOWS\System32\bcryptPrimitives.dll
0x00007fff44070000 - 0x00007fff4410e000 	C:\WINDOWS\System32\msvcp_win.dll
0x00007fff3bd50000 - 0x00007fff3bd5a000 	C:\WINDOWS\SYSTEM32\VERSION.dll
0x00007fff44d90000 - 0x00007fff44dbe000 	C:\WINDOWS\System32\IMM32.DLL
0x00007fff3e0c0000 - 0x00007fff3e0cc000 	C:\Program Files\Java\jdk-16.0.1\bin\vcruntime140_1.dll
0x00007fff219d0000 - 0x00007fff21a61000 	C:\Program Files\Java\jdk-16.0.1\bin\msvcp140.dll
0x00007fff14a50000 - 0x00007fff155fb000 	C:\Program Files\Java\jdk-16.0.1\bin\server\jvm.dll
0x00007fff44e90000 - 0x00007fff44e98000 	C:\WINDOWS\System32\PSAPI.DLL
0x00007fff407a0000 - 0x00007fff407c4000 	C:\WINDOWS\SYSTEM32\WINMM.dll
0x00007fff3ed50000 - 0x00007fff3ed59000 	C:\WINDOWS\SYSTEM32\WSOCK32.dll
0x00007fff445a0000 - 0x00007fff4460f000 	C:\WINDOWS\System32\WS2_32.dll
0x00007fff40770000 - 0x00007fff4079d000 	C:\WINDOWS\SYSTEM32\WINMMBASE.dll
0x00007fff44490000 - 0x00007fff444da000 	C:\WINDOWS\System32\cfgmgr32.dll
0x00007fff43380000 - 0x00007fff43391000 	C:\WINDOWS\System32\kernel.appcore.dll
0x00007fff3de50000 - 0x00007fff3de5a000 	C:\Program Files\Java\jdk-16.0.1\bin\jimage.dll
0x00007fff2e220000 - 0x00007fff2e414000 	C:\WINDOWS\SYSTEM32\DBGHELP.DLL
0x00007fff2e1f0000 - 0x00007fff2e21a000 	C:\WINDOWS\SYSTEM32\dbgcore.DLL
0x00007fff36110000 - 0x00007fff36135000 	C:\Program Files\Java\jdk-16.0.1\bin\java.dll
0x00007fff45a10000 - 0x00007fff460f7000 	C:\WINDOWS\System32\SHELL32.dll
0x00007fff46100000 - 0x00007fff461a8000 	C:\WINDOWS\System32\shcore.dll
0x00007fff438f0000 - 0x00007fff4406b000 	C:\WINDOWS\System32\windows.storage.dll
0x00007fff433f0000 - 0x00007fff4340e000 	C:\WINDOWS\System32\profapi.dll
0x00007fff433a0000 - 0x00007fff433ea000 	C:\WINDOWS\System32\powrprof.dll
0x00007fff43370000 - 0x00007fff43380000 	C:\WINDOWS\System32\UMPDC.dll
0x00007fff45710000 - 0x00007fff45762000 	C:\WINDOWS\System32\shlwapi.dll
0x00007fff44110000 - 0x00007fff44127000 	C:\WINDOWS\System32\cryptsp.dll
0x00007fff3dd50000 - 0x00007fff3dd69000 	C:\Program Files\Java\jdk-16.0.1\bin\net.dll
0x00007fff3c580000 - 0x00007fff3c67a000 	C:\WINDOWS\SYSTEM32\WINHTTP.dll
0x00007fff42b50000 - 0x00007fff42bb7000 	C:\WINDOWS\system32\mswsock.dll
0x00007fff3dcd0000 - 0x00007fff3dce3000 	C:\Program Files\Java\jdk-16.0.1\bin\nio.dll
0x00007fff1cac0000 - 0x00007fff1cc40000 	C:\Program Files\Java\jdk-16.0.1\bin\awt.dll
0x00007fff450c0000 - 0x00007fff45185000 	C:\WINDOWS\System32\OLEAUT32.dll
0x00007fff414e0000 - 0x00007fff4156f000 	C:\WINDOWS\SYSTEM32\apphelp.dll
0x00007fff41780000 - 0x00007fff417ad000 	C:\WINDOWS\system32\DWMAPI.DLL
0x00007fff41690000 - 0x00007fff41729000 	C:\WINDOWS\system32\uxtheme.dll
0x00007fff25350000 - 0x00007fff254a6000 	C:\WINDOWS\system32\opengl32.dll
0x00007fff25320000 - 0x00007fff2534c000 	C:\WINDOWS\SYSTEM32\GLU32.dll
0x00007fff41fb0000 - 0x00007fff41fd0000 	C:\WINDOWS\SYSTEM32\dxcore.dll
0x00007fff44ea0000 - 0x00007fff44fd5000 	C:\WINDOWS\System32\MSCTF.dll
0x00007fff45190000 - 0x00007fff452e7000 	C:\WINDOWS\System32\ole32.dll
0x00007fff20bf0000 - 0x00007fff20c79000 	C:\Program Files\Java\jdk-16.0.1\bin\freetype.dll
0x00007fff195e0000 - 0x00007fff196d6000 	C:\Program Files\Java\jdk-16.0.1\bin\harfbuzz.dll
0x00007fff331d0000 - 0x00007fff331e2000 	C:\Program Files\Java\jdk-16.0.1\bin\fontmanager.dll
0x00007fff32c30000 - 0x00007fff32ccb000 	C:\WINDOWS\System32\TextInputFramework.dll
0x00007fff39d90000 - 0x00007fff3a0ba000 	C:\WINDOWS\System32\CoreUIComponents.dll
0x00007fff412d0000 - 0x00007fff413a4000 	C:\WINDOWS\System32\CoreMessaging.dll
0x00007fff423b0000 - 0x00007fff423e1000 	C:\WINDOWS\SYSTEM32\ntmarta.dll
0x00007fff3f110000 - 0x00007fff3f262000 	C:\WINDOWS\SYSTEM32\wintypes.dll
0x00007fff33b90000 - 0x00007fff33e37000 	C:\WINDOWS\System32\iertutil.dll

dbghelp: loaded successfully - version: 4.0.5 - missing functions: none
symbol engine: initialized successfully - sym options: 0x614 - pdb path: .;C:\Program Files\Java\jdk-16.0.1\bin;C:\WINDOWS\SYSTEM32;C:\WINDOWS\WinSxS\amd64_microsoft.windows.common-controls_6595b64144ccf1df_6.0.18362.1556_none_9e7e372fe45e41d5;C:\Program Files\Java\jdk-16.0.1\bin\server

VM Arguments:
jvm_args: -Dfile.encoding=UTF-8 --module-path=D:\Development\Netbeans\Brick_Breaker\build\classes 
java_command: brickBreaker.Main
java_class_path (initial): D:\Development\Netbeans\Brick_Breaker\build\classes
Launcher Type: SUN_STANDARD

[Global flags]
     intx CICompilerCount                          = 3                                         {product} {ergonomic}
     uint ConcGCThreads                            = 1                                         {product} {ergonomic}
     uint G1ConcRefinementThreads                  = 4                                         {product} {ergonomic}
   size_t G1HeapRegionSize                         = 1048576                                   {product} {ergonomic}
    uintx GCDrainStackTargetSize                   = 64                                        {product} {ergonomic}
   size_t InitialHeapSize                          = 67108864                                  {product} {ergonomic}
   size_t MarkStackSize                            = 4194304                                   {product} {ergonomic}
   size_t MaxHeapSize                              = 1054867456                                {product} {ergonomic}
   size_t MaxNewSize                               = 632291328                                 {product} {ergonomic}
   size_t MinHeapDeltaBytes                        = 1048576                                   {product} {ergonomic}
   size_t MinHeapSize                              = 8388608                                   {product} {ergonomic}
    uintx NonNMethodCodeHeapSize                   = 5832780                                {pd product} {ergonomic}
    uintx NonProfiledCodeHeapSize                  = 122912730                              {pd product} {ergonomic}
    uintx ProfiledCodeHeapSize                     = 122912730                              {pd product} {ergonomic}
    uintx ReservedCodeCacheSize                    = 251658240                              {pd product} {ergonomic}
     bool SegmentedCodeCache                       = true                                      {product} {ergonomic}
   size_t SoftMaxHeapSize                          = 1054867456                             {manageable} {ergonomic}
     bool UseCompressedClassPointers               = true                           {product lp64_product} {ergonomic}
     bool UseCompressedOops                        = true                           {product lp64_product} {ergonomic}
     bool UseG1GC                                  = true                                      {product} {ergonomic}
     bool UseLargePagesIndividualAllocation        = false                                  {pd product} {ergonomic}

Logging:
Log output configuration:
 #0: stdout all=warning uptime,level,tags
 #1: stderr all=off uptime,level,tags

Environment Variables:
PATH=C:\Program Files\Common Files\Oracle\Java\javapath;C:\oraclexe\app\oracle\product\10.2.0\server\bin;C:\Oracle\app\oracle\product\10.2.0\server\bin;C:\WINDOWS\system32;C:\WINDOWS;C:\WINDOWS\System32\Wbem;C:\WINDOWS\System32\WindowsPowerShell\v1.0\;C:\WINDOWS\System32\OpenSSH\;C:\Program Files\CodeBlocks\MinGW\bin;C:\Program Files\Java\jdk-16.0.1\bin;C:\Users\Alien\AppData\Local\Programs\Python\Python37\Scripts\;C:\Users\Alien\AppData\Local\Programs\Python\Python37\;C:\Users\Alien\AppData\Local\Microsoft\WindowsApps;C:\Users\Alien\AppData\Local\Programs\Microsoft VS Code\bin;
USERNAME=Alien
OS=Windows_NT
PROCESSOR_IDENTIFIER=Intel64 Family 6 Model 61 Stepping 4, GenuineIntel



---------------  S Y S T E M  ---------------

OS:
 Windows 10 , 64 bit Build 18362 (10.0.18362.1500)
OS uptime: 0 days 6:35 hours

CPU: total 4 (initial active 4) (2 cores per cpu, 2 threads per core) family 6 model 61 stepping 4 microcode 0x2f, cx8, cmov, fxsr, ht, mmx, 3dnowpref, sse, sse2, sse3, ssse3, sse4.1, sse4.2, popcnt, lzcnt, tsc, tscinvbit, avx, avx2, aes, erms, clmul, bmi1, bmi2, adx, fma, vzeroupper, clflush

Memory: 4k page, system-wide physical 4016M (801M free)
TotalPageFile size 4016M (AvailPageFile size 5M)
current process WorkingSet (physical memory assigned to process): 100M, peak: 100M
current process commit charge ("private bytes"): 181M, peak: 181M

vm_info: Java HotSpot(TM) 64-Bit Server VM (16.0.1+9-24) for windows-amd64 JRE (16.0.1+9-24), built on Mar 26 2021 19:31:42 by "mach5one" with MS VC++ 16.7 (VS2019)

END.
